Log file open, 03/14/26 10:05:48
LogWindows: Failed to load 'aqProf.dll' (GetLastError=126)
LogWindows: File 'aqProf.dll' does not exist
LogWindows: Failed to load 'VtuneApi.dll' (GetLastError=126)
LogWindows: File 'VtuneApi.dll' does not exist
LogWindows: Failed to load 'VtuneApi32e.dll' (GetLastError=126)
LogWindows: File 'VtuneApi32e.dll' does not exist
LogConsoleResponse: Display: Failed to find resolution value strings in scalability ini. Falling back to default.
LogConsoleResponse: Display: Failed to find resolution value strings in scalability ini. Falling back to default.
LogInit: Display: Running engine for game: Conv
LogPlatformFile: Not using cached read wrapper
LogTaskGraph: Started task graph with 5 named threads and 47 total threads with 3 sets of task threads.
LogStats: Stats thread started at 0.529885
LogICUInternationalization: ICU TimeZone Detection - Raw Offset: +3:00, Platform Override: ''
LogInit: Display: Loading text-based GConfig....
LogPluginManager: Mounting plugin MeshPainting
LogPluginManager: Mounting plugin XGEController
LogPluginManager: Mounting plugin Paper2D
LogPluginManager: Mounting plugin LiveLink
LogPluginManager: Mounting plugin EnvironmentQueryEditor
LogPluginManager: Mounting plugin AISupport
LogPluginManager: Mounting plugin LightPropagationVolume
LogPluginManager: Mounting plugin GameplayCameras
LogPluginManager: Mounting plugin AnimationSharing
LogPluginManager: Mounting plugin CLionSourceCodeAccess
LogPluginManager: Mounting plugin CodeLiteSourceCodeAccess
LogPluginManager: Mounting plugin KDevelopSourceCodeAccess
LogPluginManager: Mounting plugin GitSourceControl
LogPluginManager: Mounting plugin NullSourceCodeAccess
LogPluginManager: Mounting plugin PerforceSourceControl
LogPluginManager: Mounting plugin AlembicImporter
LogPluginManager: Mounting plugin PlasticSourceControl
LogPluginManager: Mounting plugin PixWinPlugin
LogPluginManager: Mounting plugin PluginUtils
LogPluginManager: Mounting plugin PropertyAccessNode
LogPluginManager: Mounting plugin AutomationUtils
LogPluginManager: Mounting plugin RiderSourceCodeAccess
LogPluginManager: Mounting plugin BackChannel
LogPluginManager: Mounting plugin SubversionSourceControl
LogPluginManager: Mounting plugin TextureFormatOodle
LogPluginManager: Mounting plugin UObjectPlugin
LogPluginManager: Mounting plugin AssetManagerEditor
LogPluginManager: Mounting plugin ChaosCloth
LogPluginManager: Mounting plugin ChaosClothEditor
LogPluginManager: Mounting plugin VisualStudioCodeSourceCodeAccess
LogPluginManager: Mounting plugin VisualStudioSourceCodeAccess
LogPluginManager: Mounting plugin XCodeSourceCodeAccess
LogPluginManager: Mounting plugin CryptoKeys
LogPluginManager: Mounting plugin ChaosEditor
LogPluginManager: Mounting plugin CurveEditorTools
LogPluginManager: Mounting plugin ChaosNiagara
LogPluginManager: Mounting plugin DataValidation
LogPluginManager: Mounting plugin ChaosSolverPlugin
LogPluginManager: Mounting plugin FacialAnimation
LogPluginManager: Mounting plugin GameplayTagsEditor
LogPluginManager: Mounting plugin CharacterAI
LogPluginManager: Mounting plugin GeometryMode
LogPluginManager: Mounting plugin MaterialAnalyzer
LogPluginManager: Mounting plugin PluginBrowser
LogPluginManager: Mounting plugin MobileLauncherProfileWizard
LogPluginManager: Mounting plugin SpeedTreeImporter
LogPluginManager: Mounting plugin GeometryCache
LogPluginManager: Mounting plugin Niagara
LogPluginManager: Mounting plugin GeometryCollectionPlugin
LogPluginManager: Mounting plugin LuminPlatformFeatures
LogPluginManager: Mounting plugin MagicLeap
LogPluginManager: Mounting plugin CameraShakePreviewer
LogPluginManager: Mounting plugin MagicLeapLightEstimation
LogPluginManager: Mounting plugin MagicLeapMedia
LogPluginManager: Mounting plugin MagicLeapPassableWorld
LogPluginManager: Mounting plugin MLSDK
LogPluginManager: Mounting plugin GeometryProcessing
LogPluginManager: Mounting plugin MotoSynth
LogPluginManager: Mounting plugin OpenImageDenoise
LogPluginManager: Mounting plugin PlanarCut
LogPluginManager: Mounting plugin ProxyLODPlugin
LogPluginManager: Mounting plugin PythonScriptPlugin
LogPluginManager: Mounting plugin SkeletalReduction
LogPluginManager: Mounting plugin AndroidMedia
LogPluginManager: Mounting plugin ImgMedia
LogPluginManager: Mounting plugin MediaCompositing
LogPluginManager: Mounting plugin MacGraphicsSwitching
LogPluginManager: Mounting plugin DatasmithContent
LogPluginManager: Mounting plugin MediaPlayerEditor
LogPluginManager: Mounting plugin WebMMedia
LogPluginManager: Mounting plugin VariantManagerContent
LogPluginManager: Mounting plugin WmfMedia
LogPluginManager: Mounting plugin TcpMessaging
LogPluginManager: Mounting plugin UdpMessaging
LogPluginManager: Mounting plugin MatineeToLevelSequence
LogPluginManager: Mounting plugin LevelSequenceEditor
LogPluginManager: Mounting plugin TemplateSequence
LogPluginManager: Mounting plugin OnlineSubsystem
LogPluginManager: Mounting plugin OnlineSubsystemNull
LogPluginManager: Mounting plugin ActorSequence
LogPluginManager: Mounting plugin OnlineSubsystemUtils
LogPluginManager: Mounting plugin LauncherChunkInstaller
LogPluginManager: Mounting plugin ActorLayerUtilities
LogPluginManager: Mounting plugin AndroidDeviceProfileSelector
LogPluginManager: Mounting plugin AndroidMoviePlayer
LogPluginManager: Mounting plugin AndroidPermission
LogPluginManager: Mounting plugin ScreenshotTools
LogPluginManager: Mounting plugin AppleMoviePlayer
LogPluginManager: Mounting plugin ArchVisCharacter
LogPluginManager: Mounting plugin PlatformCrypto
LogPluginManager: Mounting plugin AudioCapture
LogPluginManager: Mounting plugin AudioSynesthesia
LogPluginManager: Mounting plugin CableComponent
LogPluginManager: Mounting plugin ChunkDownloader
LogPluginManager: Mounting plugin CustomMeshComponent
LogPluginManager: Mounting plugin EditableMesh
LogPluginManager: Mounting plugin ExampleDeviceProfileSelector
LogPluginManager: Mounting plugin GoogleCloudMessaging
LogPluginManager: Mounting plugin IOSDeviceProfileSelector
LogPluginManager: Mounting plugin LinuxDeviceProfileSelector
LogPluginManager: Mounting plugin LocationServicesBPLibrary
LogPluginManager: Mounting plugin AvfMedia
LogPluginManager: Mounting plugin MobilePatchingUtils
LogPluginManager: Mounting plugin OpenXR
LogPluginManager: Mounting plugin OpenXREyeTracker
LogPluginManager: Mounting plugin OpenXRHandTracking
LogPluginManager: Mounting plugin PhysXVehicles
LogPluginManager: Mounting plugin GooglePAD
LogPluginManager: Mounting plugin AssetTags
LogPluginManager: Mounting plugin Takes
LogPluginManager: Mounting plugin PostSplashScreen
LogPluginManager: Mounting plugin PropertyAccessEditor
LogPluginManager: Mounting plugin ProceduralMeshComponent
LogPluginManager: Mounting plugin RuntimePhysXCooking
LogPluginManager: Mounting plugin SignificanceManager
LogPluginManager: Mounting plugin SoundFields
LogPluginManager: Mounting plugin Synthesis
LogPluginManager: Mounting plugin WindowsMoviePlayer
LogPluginManager: Mounting plugin AppleImageUtils
LogPluginManager: Mounting plugin OodleData
LogPluginManager: Mounting plugin OodleNetwork
LogPluginManager: Mounting plugin WebMMoviePlayer
LogPluginManager: Mounting plugin ContentBrowserAssetDataSource
LogPluginManager: Mounting plugin ContentBrowserClassDataSource
LogPluginManager: Mounting plugin ContentBrowserFileDataSource
LogPluginManager: Mounting plugin OnlineSubsystemIOS
LogPluginManager: Mounting plugin OnlineSubsystemGooglePlay
LogPluginManager: Mounting plugin OculusVR
LogPluginManager: Mounting plugin SteamVR
PixWinPlugin: PIX capture plugin failed to initialize! Check that the process is launched from PIX.
LogLuminAPIImpl: Warning: MLSDK not found.  This likely means the MLSDK environment variable is not set.
LogInit: Using libcurl 7.55.1-DEV
LogInit:  - built for x86_64-pc-win32
LogInit:  - supports SSL with OpenSSL/1.1.1
LogInit:  - supports HTTP deflate (compression) using libz 1.2.8
LogInit:  - other features:
LogInit:      CURL_VERSION_SSL
LogInit:      CURL_VERSION_LIBZ
LogInit:      CURL_VERSION_IPV6
LogInit:      CURL_VERSION_ASYNCHDNS
LogInit:      CURL_VERSION_LARGEFILE
LogInit:      CURL_VERSION_IDN
LogInit:  CurlRequestOptions (configurable via config and command line):
LogInit:  - bVerifyPeer = true  - Libcurl will verify peer certificate
LogInit:  - bUseHttpProxy = true  - Libcurl will use HTTP proxy
LogInit:  - HttpProxyAddress = '127.0.0.1:12334'
LogInit:  - bDontReuseConnections = false  - Libcurl will reuse connections
LogInit:  - MaxHostConnections = 16  - Libcurl will limit the number of connections to a host
LogInit:  - LocalHostAddr = Default
LogInit:  - BufferSize = 65536
LogOnline: OSS: Creating online subsystem instance for: NULL
LogInit: WinSock: version 1.1 (2.2), MaxSocks=32767, MaxUdp=65467
LogOnline: OSS: TryLoadSubsystemAndSetDefault: Loaded subsystem for module [NULL]
LogOculusPluginWrapper: OculusPlugin initialized successfully
LogHMD: Failed initializing OVRPlugin 1.59.0
LogInit: Build: ++UE4+Release-4.27-CL-18319896
LogInit: Engine Version: 4.27.2-18319896+++UE4+Release-4.27
LogInit: Compatible Engine Version: 4.27.0-17155196+++UE4+Release-4.27
LogInit: Net CL: 17155196
LogInit: OS: Windows 10 (Release 2009) (), CPU: AMD Ryzen 7 5700U with Radeon Graphics         , GPU: AMD Radeon(TM) Graphics
LogInit: Compiled (64-bit): Nov 30 2021 07:12:08
LogInit: Compiled with Visual C++: 19.24.28315.00
LogInit: Build Configuration: Development
LogInit: Branch Name: ++UE4+Release-4.27
LogInit: Command Line:  -AUTH_LOGIN=unused -AUTH_PASSWORD=cfc5e074502d48a98ee2a48313616cb9 -AUTH_TYPE=exchangecode -epicapp=UE_4.27 -epicenv=Prod -EpicPortal -epicusername=NikitaKurtsyn -epicuserid=b26187d4ee3a43c1989627066fea8b63 -epiclocale=en -epicsandboxid=ue
LogInit: Base Directory: C:/Program Files/Epic Games/UE_4.27/Engine/Binaries/Win64/
LogInit: Allocator: TBB
LogInit: Installed Engine Build: 1
LogDevObjectVersion: Number of dev versions registered: 29
LogDevObjectVersion:   Dev-Blueprints (B0D832E4-1F89-4F0D-ACCF-7EB736FD4AA2): 10
LogDevObjectVersion:   Dev-Build (E1C64328-A22C-4D53-A36C-8E866417BD8C): 0
LogDevObjectVersion:   Dev-Core (375EC13C-06E4-48FB-B500-84F0262A717E): 4
LogDevObjectVersion:   Dev-Editor (E4B068ED-F494-42E9-A231-DA0B2E46BB41): 40
LogDevObjectVersion:   Dev-Framework (CFFC743F-43B0-4480-9391-14DF171D2073): 37
LogDevObjectVersion:   Dev-Mobile (B02B49B5-BB20-44E9-A304-32B752E40360): 3
LogDevObjectVersion:   Dev-Networking (A4E4105C-59A1-49B5-A7C5-40C4547EDFEE): 0
LogDevObjectVersion:   Dev-Online (39C831C9-5AE6-47DC-9A44-9C173E1C8E7C): 0
LogDevObjectVersion:   Dev-Physics (78F01B33-EBEA-4F98-B9B4-84EACCB95AA2): 14
LogDevObjectVersion:   Dev-Platform (6631380F-2D4D-43E0-8009-CF276956A95A): 0
LogDevObjectVersion:   Dev-Rendering (12F88B9F-8875-4AFC-A67C-D90C383ABD29): 45
LogDevObjectVersion:   Dev-Sequencer (7B5AE74C-D270-4C10-A958-57980B212A5A): 13
LogDevObjectVersion:   Dev-VR (D7296918-1DD6-4BDD-9DE2-64A83CC13884): 3
LogDevObjectVersion:   Dev-LoadTimes (C2A15278-BFE7-4AFE-6C17-90FF531DF755): 1
LogDevObjectVersion:   Private-Geometry (6EACA3D4-40EC-4CC1-B786-8BED09428FC5): 3
LogDevObjectVersion:   Dev-AnimPhys (29E575DD-E0A3-4627-9D10-D276232CDCEA): 17
LogDevObjectVersion:   Dev-Anim (AF43A65D-7FD3-4947-9873-3E8ED9C1BB05): 15
LogDevObjectVersion:   Dev-ReflectionCapture (6B266CEC-1EC7-4B8F-A30B-E4D90942FC07): 1
LogDevObjectVersion:   Dev-Automation (0DF73D61-A23F-47EA-B727-89E90C41499A): 1
LogDevObjectVersion:   FortniteMain (601D1886-AC64-4F84-AA16-D3DE0DEAC7D6): 47
LogDevObjectVersion:   FortniteRelease (E7086368-6B23-4C58-8439-1B7016265E91): 1
LogDevObjectVersion:   Dev-Enterprise (9DFFBCD6-494F-0158-E221-12823C92A888): 10
LogDevObjectVersion:   Dev-Niagara (F2AED0AC-9AFE-416F-8664-AA7FFA26D6FC): 1
LogDevObjectVersion:   Dev-Destruction (174F1F0B-B4C6-45A5-B13F-2EE8D0FB917D): 10
LogDevObjectVersion:   Dev-Physics-Ext (35F94A83-E258-406C-A318-09F59610247C): 41
LogDevObjectVersion:   Dev-PhysicsMaterial-Chaos (B68FC16E-8B1B-42E2-B453-215C058844FE): 1
LogDevObjectVersion:   Dev-CineCamera (B2E18506-4273-CFC2-A54E-F4BB758BBA07): 1
LogDevObjectVersion:   Dev-VirtualProduction (64F58936-FD1B-42BA-BA96-7289D5D0FA4E): 1
LogDevObjectVersion:   Dev-MediaFramework (6F0ED827-A609-4895-9C91-998D90180EA4): 2
LogInit: Presizing for max 25165824 objects, including 0 objects not considered by GC, pre-allocating 0 bytes for permanent pool.
LogConfig: Applying CVar settings from Section [/Script/Engine.StreamingSettings] File [C:/Users/user/Documents/GitHub/Conv/Conv/Saved/Config/Windows/Engine.ini]
LogConfig: Setting CVar [[s.MinBulkDataSizeForAsyncLoading:131072]]
LogConfig: Setting CVar [[s.AsyncLoadingThreadEnabled:0]]
LogConfig: Setting CVar [[s.EventDrivenLoaderEnabled:1]]
LogConfig: Setting CVar [[s.WarnIfTimeLimitExceeded:0]]
LogConfig: Setting CVar [[s.TimeLimitExceededMultiplier:1.5]]
LogConfig: Setting CVar [[s.TimeLimitExceededMinTime:0.005]]
LogConfig: Setting CVar [[s.UseBackgroundLevelStreaming:1]]
LogConfig: Setting CVar [[s.PriorityAsyncLoadingExtraTime:15.0]]
LogConfig: Setting CVar [[s.LevelStreamingActorsUpdateTimeLimit:5.0]]
LogConfig: Setting CVar [[s.PriorityLevelStreamingActorsUpdateExtraTime:5.0]]
LogConfig: Setting CVar [[s.LevelStreamingComponentsRegistrationGranularity:10]]
LogConfig: Setting CVar [[s.UnregisterComponentsTimeLimit:1.0]]
LogConfig: Setting CVar [[s.LevelStreamingComponentsUnregistrationGranularity:5]]
LogConfig: Setting CVar [[s.FlushStreamingOnExit:1]]
LogInit: Object subsystem initialized
LogConfig: Setting CVar [[con.DebugEarlyDefault:1]]
LogConfig: Setting CVar [[r.setres:1280x720]]
[2026.03.14-07.05.49:709][  0]LogConfig: Setting CVar [[r.VSync:0]]
[2026.03.14-07.05.49:709][  0]LogConfig: Setting CVar [[r.RHICmdBypass:0]]
[2026.03.14-07.05.49:709][  0]LogConfig: Applying CVar settings from Section [/Script/Engine.RendererSettings] File [C:/Users/user/Documents/GitHub/Conv/Conv/Saved/Config/Windows/Engine.ini]
[2026.03.14-07.05.49:709][  0]LogConfig: Setting CVar [[r.GPUCrashDebugging:0]]
[2026.03.14-07.05.49:709][  0]LogConfig: Applying CVar settings from Section [/Script/Engine.RendererOverrideSettings] File [C:/Users/user/Documents/GitHub/Conv/Conv/Saved/Config/Windows/Engine.ini]
[2026.03.14-07.05.49:709][  0]LogConfig: Applying CVar settings from Section [/Script/Engine.StreamingSettings] File [C:/Users/user/Documents/GitHub/Conv/Conv/Saved/Config/Windows/Engine.ini]
[2026.03.14-07.05.49:709][  0]LogConfig: Setting CVar [[s.MinBulkDataSizeForAsyncLoading:131072]]
[2026.03.14-07.05.49:709][  0]LogConfig: Setting CVar [[s.AsyncLoadingThreadEnabled:0]]
[2026.03.14-07.05.49:709][  0]LogConfig: Setting CVar [[s.EventDrivenLoaderEnabled:1]]
[2026.03.14-07.05.49:709][  0]LogConfig: Setting CVar [[s.WarnIfTimeLimitExceeded:0]]
[2026.03.14-07.05.49:709][  0]LogConfig: Setting CVar [[s.TimeLimitExceededMultiplier:1.5]]
[2026.03.14-07.05.49:709][  0]LogConfig: Setting CVar [[s.TimeLimitExceededMinTime:0.005]]
[2026.03.14-07.05.49:709][  0]LogConfig: Setting CVar [[s.UseBackgroundLevelStreaming:1]]
[2026.03.14-07.05.49:709][  0]LogConfig: Setting CVar [[s.PriorityAsyncLoadingExtraTime:15.0]]
[2026.03.14-07.05.49:709][  0]LogConfig: Setting CVar [[s.LevelStreamingActorsUpdateTimeLimit:5.0]]
[2026.03.14-07.05.49:709][  0]LogConfig: Setting CVar [[s.PriorityLevelStreamingActorsUpdateExtraTime:5.0]]
[2026.03.14-07.05.49:709][  0]LogConfig: Setting CVar [[s.LevelStreamingComponentsRegistrationGranularity:10]]
[2026.03.14-07.05.49:709][  0]LogConfig: Setting CVar [[s.UnregisterComponentsTimeLimit:1.0]]
[2026.03.14-07.05.49:709][  0]LogConfig: Setting CVar [[s.LevelStreamingComponentsUnregistrationGranularity:5]]
[2026.03.14-07.05.49:709][  0]LogConfig: Setting CVar [[s.FlushStreamingOnExit:1]]
[2026.03.14-07.05.49:709][  0]LogConfig: Applying CVar settings from Section [/Script/Engine.GarbageCollectionSettings] File [C:/Users/user/Documents/GitHub/Conv/Conv/Saved/Config/Windows/Engine.ini]
[2026.03.14-07.05.49:710][  0]LogConfig: Setting CVar [[gc.MaxObjectsNotConsideredByGC:1]]
[2026.03.14-07.05.49:710][  0]LogConfig: Setting CVar [[gc.SizeOfPermanentObjectPool:0]]
[2026.03.14-07.05.49:710][  0]LogConfig: Setting CVar [[gc.FlushStreamingOnGC:0]]
[2026.03.14-07.05.49:710][  0]LogConfig: Setting CVar [[gc.NumRetriesBeforeForcingGC:10]]
[2026.03.14-07.05.49:710][  0]LogConfig: Setting CVar [[gc.AllowParallelGC:1]]
[2026.03.14-07.05.49:710][  0]LogConfig: Setting CVar [[gc.TimeBetweenPurgingPendingKillObjects:61.1]]
[2026.03.14-07.05.49:710][  0]LogConfig: Setting CVar [[gc.MaxObjectsInEditor:25165824]]
[2026.03.14-07.05.49:710][  0]LogConfig: Setting CVar [[gc.IncrementalBeginDestroyEnabled:1]]
[2026.03.14-07.05.49:710][  0]LogConfig: Setting CVar [[gc.CreateGCClusters:1]]
[2026.03.14-07.05.49:710][  0]LogConfig: Setting CVar [[gc.MinGCClusterSize:5]]
[2026.03.14-07.05.49:710][  0]LogConfig: Setting CVar [[gc.ActorClusteringEnabled:0]]
[2026.03.14-07.05.49:710][  0]LogConfig: Setting CVar [[gc.BlueprintClusteringEnabled:0]]
[2026.03.14-07.05.49:710][  0]LogConfig: Setting CVar [[gc.UseDisregardForGCOnDedicatedServers:0]]
[2026.03.14-07.05.49:710][  0]LogConfig: Setting CVar [[gc.MultithreadedDestructionEnabled:1]]
[2026.03.14-07.05.49:710][  0]LogConfig: Applying CVar settings from Section [/Script/Engine.NetworkSettings] File [C:/Users/user/Documents/GitHub/Conv/Conv/Saved/Config/Windows/Engine.ini]
[2026.03.14-07.05.49:710][  0]LogConfig: Applying CVar settings from Section [/Script/UnrealEd.CookerSettings] File [C:/Users/user/Documents/GitHub/Conv/Conv/Saved/Config/Windows/Engine.ini]
[2026.03.14-07.05.49:718][  0]LogConfig: Applying CVar settings from Section [ViewDistanceQuality@3] File [C:/Users/user/Documents/GitHub/Conv/Conv/Saved/Config/Windows/Scalability.ini]
[2026.03.14-07.05.49:718][  0]LogConfig: Setting CVar [[r.SkeletalMeshLODBias:0]]
[2026.03.14-07.05.49:718][  0]LogConfig: Setting CVar [[r.ViewDistanceScale:1.0]]
[2026.03.14-07.05.49:718][  0]LogConfig: Applying CVar settings from Section [AntiAliasingQuality@3] File [C:/Users/user/Documents/GitHub/Conv/Conv/Saved/Config/Windows/Scalability.ini]
[2026.03.14-07.05.49:718][  0]LogConfig: Setting CVar [[r.PostProcessAAQuality:4]]
[2026.03.14-07.05.49:718][  0]LogConfig: Applying CVar settings from Section [ShadowQuality@3] File [C:/Users/user/Documents/GitHub/Conv/Conv/Saved/Config/Windows/Scalability.ini]
[2026.03.14-07.05.49:718][  0]LogConfig: Setting CVar [[r.LightFunctionQuality:1]]
[2026.03.14-07.05.49:718][  0]LogConfig: Setting CVar [[r.ShadowQuality:5]]
[2026.03.14-07.05.49:718][  0]LogConfig: Setting CVar [[r.Shadow.CSM.MaxCascades:10]]
[2026.03.14-07.05.49:718][  0]LogConfig: Setting CVar [[r.Shadow.MaxResolution:2048]]
[2026.03.14-07.05.49:718][  0]LogConfig: Setting CVar [[r.Shadow.MaxCSMResolution:2048]]
[2026.03.14-07.05.49:718][  0]LogConfig: Setting CVar [[r.Shadow.RadiusThreshold:0.01]]
[2026.03.14-07.05.49:718][  0]LogConfig: Setting CVar [[r.Shadow.DistanceScale:1.0]]
[2026.03.14-07.05.49:719][  0]LogConfig: Setting CVar [[r.Shadow.CSM.TransitionScale:1.0]]
[2026.03.14-07.05.49:719][  0]LogConfig: Setting CVar [[r.Shadow.PreShadowResolutionFactor:1.0]]
[2026.03.14-07.05.49:719][  0]LogConfig: Setting CVar [[r.DistanceFieldShadowing:1]]
[2026.03.14-07.05.49:719][  0]LogConfig: Setting CVar [[r.DistanceFieldAO:1]]
[2026.03.14-07.05.49:719][  0]LogConfig: Setting CVar [[r.AOQuality:2]]
[2026.03.14-07.05.49:719][  0]LogConfig: Setting CVar [[r.VolumetricFog:1]]
[2026.03.14-07.05.49:719][  0]LogConfig: Setting CVar [[r.VolumetricFog.GridPixelSize:8]]
[2026.03.14-07.05.49:719][  0]LogConfig: Setting CVar [[r.VolumetricFog.GridSizeZ:128]]
[2026.03.14-07.05.49:719][  0]LogConfig: Setting CVar [[r.VolumetricFog.HistoryMissSupersampleCount:4]]
[2026.03.14-07.05.49:719][  0]LogConfig: Setting CVar [[r.LightMaxDrawDistanceScale:1]]
[2026.03.14-07.05.49:719][  0]LogConfig: Setting CVar [[r.CapsuleShadows:1]]
[2026.03.14-07.05.49:719][  0]LogConfig: Applying CVar settings from Section [PostProcessQuality@3] File [C:/Users/user/Documents/GitHub/Conv/Conv/Saved/Config/Windows/Scalability.ini]
[2026.03.14-07.05.49:719][  0]LogConfig: Setting CVar [[r.MotionBlurQuality:4]]
[2026.03.14-07.05.49:719][  0]LogConfig: Setting CVar [[r.AmbientOcclusionMipLevelFactor:0.4]]
[2026.03.14-07.05.49:719][  0]LogConfig: Setting CVar [[r.AmbientOcclusionMaxQuality:100]]
[2026.03.14-07.05.49:719][  0]LogConfig: Setting CVar [[r.AmbientOcclusionLevels:-1]]
[2026.03.14-07.05.49:719][  0]LogConfig: Setting CVar [[r.AmbientOcclusionRadiusScale:1.0]]
[2026.03.14-07.05.49:719][  0]LogConfig: Setting CVar [[r.DepthOfFieldQuality:2]]
[2026.03.14-07.05.49:719][  0]LogConfig: Setting CVar [[r.RenderTargetPoolMin:400]]
[2026.03.14-07.05.49:719][  0]LogConfig: Setting CVar [[r.LensFlareQuality:2]]
[2026.03.14-07.05.49:719][  0]LogConfig: Setting CVar [[r.SceneColorFringeQuality:1]]
[2026.03.14-07.05.49:719][  0]LogConfig: Setting CVar [[r.EyeAdaptationQuality:2]]
[2026.03.14-07.05.49:719][  0]LogConfig: Setting CVar [[r.BloomQuality:5]]
[2026.03.14-07.05.49:719][  0]LogConfig: Setting CVar [[r.FastBlurThreshold:100]]
[2026.03.14-07.05.49:719][  0]LogConfig: Setting CVar [[r.Upscale.Quality:3]]
[2026.03.14-07.05.49:719][  0]LogConfig: Setting CVar [[r.Tonemapper.GrainQuantization:1]]
[2026.03.14-07.05.49:719][  0]LogConfig: Setting CVar [[r.LightShaftQuality:1]]
[2026.03.14-07.05.49:719][  0]LogConfig: Setting CVar [[r.Filter.SizeScale:1]]
[2026.03.14-07.05.49:719][  0]LogConfig: Setting CVar [[r.Tonemapper.Quality:5]]
[2026.03.14-07.05.49:719][  0]LogConfig: Setting CVar [[r.DOF.Gather.AccumulatorQuality:1        ; higher gathering accumulator quality]]
[2026.03.14-07.05.49:719][  0]LogConfig: Setting CVar [[r.DOF.Gather.PostfilterMethod:1          ; Median3x3 postfilering method]]
[2026.03.14-07.05.49:719][  0]LogConfig: Setting CVar [[r.DOF.Gather.EnableBokehSettings:0       ; no bokeh simulation when gathering]]
[2026.03.14-07.05.49:719][  0]LogConfig: Setting CVar [[r.DOF.Gather.RingCount:4                 ; medium number of samples when gathering]]
[2026.03.14-07.05.49:719][  0]LogConfig: Setting CVar [[r.DOF.Scatter.ForegroundCompositing:1    ; additive foreground scattering]]
[2026.03.14-07.05.49:719][  0]LogConfig: Setting CVar [[r.DOF.Scatter.BackgroundCompositing:2    ; additive background scattering]]
[2026.03.14-07.05.49:719][  0]LogConfig: Setting CVar [[r.DOF.Scatter.EnableBokehSettings:1      ; bokeh simulation when scattering]]
[2026.03.14-07.05.49:719][  0]LogConfig: Setting CVar [[r.DOF.Scatter.MaxSpriteRatio:0.1         ; only a maximum of 10% of scattered bokeh]]
[2026.03.14-07.05.49:719][  0]LogConfig: Setting CVar [[r.DOF.Recombine.Quality:1                ; cheap slight out of focus]]
[2026.03.14-07.05.49:719][  0]LogConfig: Setting CVar [[r.DOF.Recombine.EnableBokehSettings:0    ; no bokeh simulation on slight out of focus]]
[2026.03.14-07.05.49:719][  0]LogConfig: Setting CVar [[r.DOF.TemporalAAQuality:1                ; more stable temporal accumulation]]
[2026.03.14-07.05.49:719][  0]LogConfig: Setting CVar [[r.DOF.Kernel.MaxForegroundRadius:0.025]]
[2026.03.14-07.05.49:719][  0]LogConfig: Setting CVar [[r.DOF.Kernel.MaxBackgroundRadius:0.025]]
[2026.03.14-07.05.49:719][  0]LogConfig: Applying CVar settings from Section [TextureQuality@3] File [C:/Users/user/Documents/GitHub/Conv/Conv/Saved/Config/Windows/Scalability.ini]
[2026.03.14-07.05.49:719][  0]LogConfig: Setting CVar [[r.Streaming.MipBias:0]]
[2026.03.14-07.05.49:719][  0]LogConfig: Setting CVar [[r.Streaming.AmortizeCPUToGPUCopy:0]]
[2026.03.14-07.05.49:719][  0]LogConfig: Setting CVar [[r.Streaming.MaxNumTexturesToStreamPerFrame:0]]
[2026.03.14-07.05.49:720][  0]LogConfig: Setting CVar [[r.Streaming.Boost:1]]
[2026.03.14-07.05.49:720][  0]LogConfig: Setting CVar [[r.MaxAnisotropy:8]]
[2026.03.14-07.05.49:720][  0]LogConfig: Setting CVar [[r.VT.MaxAnisotropy:8]]
[2026.03.14-07.05.49:720][  0]LogConfig: Setting CVar [[r.Streaming.LimitPoolSizeToVRAM:0]]
[2026.03.14-07.05.49:720][  0]LogConfig: Setting CVar [[r.Streaming.PoolSize:1000]]
[2026.03.14-07.05.49:720][  0]LogConfig: Setting CVar [[r.Streaming.MaxEffectiveScreenSize:0]]
[2026.03.14-07.05.49:720][  0]LogConfig: Applying CVar settings from Section [EffectsQuality@3] File [C:/Users/user/Documents/GitHub/Conv/Conv/Saved/Config/Windows/Scalability.ini]
[2026.03.14-07.05.49:720][  0]LogConfig: Setting CVar [[r.TranslucencyLightingVolumeDim:64]]
[2026.03.14-07.05.49:720][  0]LogConfig: Setting CVar [[r.RefractionQuality:2]]
[2026.03.14-07.05.49:720][  0]LogConfig: Setting CVar [[r.SSR.Quality:3]]
[2026.03.14-07.05.49:720][  0]LogConfig: Setting CVar [[r.SSR.HalfResSceneColor:0]]
[2026.03.14-07.05.49:720][  0]LogConfig: Setting CVar [[r.SceneColorFormat:4]]
[2026.03.14-07.05.49:720][  0]LogConfig: Setting CVar [[r.DetailMode:2]]
[2026.03.14-07.05.49:720][  0]LogConfig: Setting CVar [[r.TranslucencyVolumeBlur:1]]
[2026.03.14-07.05.49:720][  0]LogConfig: Setting CVar [[r.MaterialQualityLevel:1 ; High quality]]
[2026.03.14-07.05.49:720][  0]LogConfig: Setting CVar [[r.AnisotropicMaterials:1]]
[2026.03.14-07.05.49:720][  0]LogConfig: Setting CVar [[r.SSS.Scale:1]]
[2026.03.14-07.05.49:720][  0]LogConfig: Setting CVar [[r.SSS.SampleSet:2]]
[2026.03.14-07.05.49:720][  0]LogConfig: Setting CVar [[r.SSS.Quality:1]]
[2026.03.14-07.05.49:720][  0]LogConfig: Setting CVar [[r.SSS.HalfRes:0]]
[2026.03.14-07.05.49:720][  0]LogConfig: Setting CVar [[r.SSGI.Quality:3]]
[2026.03.14-07.05.49:720][  0]LogConfig: Setting CVar [[r.EmitterSpawnRateScale:1.0]]
[2026.03.14-07.05.49:720][  0]LogConfig: Setting CVar [[r.ParticleLightQuality:2]]
[2026.03.14-07.05.49:720][  0]LogConfig: Setting CVar [[r.SkyAtmosphere.AerialPerspectiveLUT.FastApplyOnOpaque:1 ; Always have FastSkyLUT 1 in this case to avoid wrong sky]]
[2026.03.14-07.05.49:720][  0]LogConfig: Setting CVar [[r.SkyAtmosphere.AerialPerspectiveLUT.SampleCountMaxPerSlice:4]]
[2026.03.14-07.05.49:720][  0]LogConfig: Setting CVar [[r.SkyAtmosphere.AerialPerspectiveLUT.DepthResolution:16.0]]
[2026.03.14-07.05.49:720][  0]LogConfig: Setting CVar [[r.SkyAtmosphere.FastSkyLUT:1]]
[2026.03.14-07.05.49:720][  0]LogConfig: Setting CVar [[r.SkyAtmosphere.FastSkyLUT.SampleCountMin:4.0]]
[2026.03.14-07.05.49:720][  0]LogConfig: Setting CVar [[r.SkyAtmosphere.FastSkyLUT.SampleCountMax:128.0]]
[2026.03.14-07.05.49:720][  0]LogConfig: Setting CVar [[r.SkyAtmosphere.SampleCountMin:4.0]]
[2026.03.14-07.05.49:720][  0]LogConfig: Setting CVar [[r.SkyAtmosphere.SampleCountMax:128.0]]
[2026.03.14-07.05.49:720][  0]LogConfig: Setting CVar [[r.SkyAtmosphere.TransmittanceLUT.UseSmallFormat:0]]
[2026.03.14-07.05.49:720][  0]LogConfig: Setting CVar [[r.SkyAtmosphere.TransmittanceLUT.SampleCount:10.0]]
[2026.03.14-07.05.49:720][  0]LogConfig: Setting CVar [[r.SkyAtmosphere.MultiScatteringLUT.SampleCount:15.0]]
[2026.03.14-07.05.49:720][  0]LogConfig: Setting CVar [[r.SkyLight.RealTimeReflectionCapture:1]]
[2026.03.14-07.05.49:720][  0]LogConfig: Applying CVar settings from Section [FoliageQuality@3] File [C:/Users/user/Documents/GitHub/Conv/Conv/Saved/Config/Windows/Scalability.ini]
[2026.03.14-07.05.49:720][  0]LogConfig: Setting CVar [[foliage.DensityScale:1.0]]
[2026.03.14-07.05.49:720][  0]LogConfig: Setting CVar [[grass.DensityScale:1.0]]
[2026.03.14-07.05.49:720][  0]LogConfig: Applying CVar settings from Section [ShadingQuality@3] File [C:/Users/user/Documents/GitHub/Conv/Conv/Saved/Config/Windows/Scalability.ini]
[2026.03.14-07.05.49:720][  0]LogConfig: Setting CVar [[r.HairStrands.SkyLighting.IntegrationType:2]]
[2026.03.14-07.05.49:720][  0]LogConfig: Setting CVar [[r.HairStrands.SkyAO.SampleCount:4]]
[2026.03.14-07.05.49:720][  0]LogConfig: Setting CVar [[r.HairStrands.Visibility.MSAA.SamplePerPixel:4]]
[2026.03.14-07.05.49:720][  0]LogInit: Selected Device Profile: [Windows]
[2026.03.14-07.05.49:720][  0]LogInit: Applying CVar settings loaded from the selected device profile: [Windows]
[2026.03.14-07.05.49:721][  0]LogHAL: Display: Platform has ~ 16 GB [16469520384 / 17179869184 / 16], which maps to Larger [LargestMinGB=32, LargerMinGB=12, DefaultMinGB=8, SmallerMinGB=6, SmallestMinGB=0)
[2026.03.14-07.05.49:721][  0]LogInit: Going up to parent DeviceProfile []
[2026.03.14-07.05.49:721][  0]LogConfig: Applying CVar settings from Section [ViewDistanceQuality@3] File [C:/Users/user/Documents/GitHub/Conv/Conv/Saved/Config/Windows/Scalability.ini]
[2026.03.14-07.05.49:721][  0]LogConfig: Setting CVar [[r.SkeletalMeshLODBias:0]]
[2026.03.14-07.05.49:721][  0]LogConfig: Setting CVar [[r.ViewDistanceScale:1.0]]
[2026.03.14-07.05.49:721][  0]LogConfig: Applying CVar settings from Section [AntiAliasingQuality@3] File [C:/Users/user/Documents/GitHub/Conv/Conv/Saved/Config/Windows/Scalability.ini]
[2026.03.14-07.05.49:721][  0]LogConfig: Setting CVar [[r.PostProcessAAQuality:4]]
[2026.03.14-07.05.49:721][  0]LogConfig: Applying CVar settings from Section [ShadowQuality@3] File [C:/Users/user/Documents/GitHub/Conv/Conv/Saved/Config/Windows/Scalability.ini]
[2026.03.14-07.05.49:721][  0]LogConfig: Setting CVar [[r.LightFunctionQuality:1]]
[2026.03.14-07.05.49:721][  0]LogConfig: Setting CVar [[r.ShadowQuality:5]]
[2026.03.14-07.05.49:721][  0]LogConfig: Setting CVar [[r.Shadow.CSM.MaxCascades:10]]
[2026.03.14-07.05.49:721][  0]LogConfig: Setting CVar [[r.Shadow.MaxResolution:2048]]
[2026.03.14-07.05.49:721][  0]LogConfig: Setting CVar [[r.Shadow.MaxCSMResolution:2048]]
[2026.03.14-07.05.49:721][  0]LogConfig: Setting CVar [[r.Shadow.RadiusThreshold:0.01]]
[2026.03.14-07.05.49:721][  0]LogConfig: Setting CVar [[r.Shadow.DistanceScale:1.0]]
[2026.03.14-07.05.49:721][  0]LogConfig: Setting CVar [[r.Shadow.CSM.TransitionScale:1.0]]
[2026.03.14-07.05.49:721][  0]LogConfig: Setting CVar [[r.Shadow.PreShadowResolutionFactor:1.0]]
[2026.03.14-07.05.49:721][  0]LogConfig: Setting CVar [[r.DistanceFieldShadowing:1]]
[2026.03.14-07.05.49:721][  0]LogConfig: Setting CVar [[r.DistanceFieldAO:1]]
[2026.03.14-07.05.49:721][  0]LogConfig: Setting CVar [[r.AOQuality:2]]
[2026.03.14-07.05.49:721][  0]LogConfig: Setting CVar [[r.VolumetricFog:1]]
[2026.03.14-07.05.49:721][  0]LogConfig: Setting CVar [[r.VolumetricFog.GridPixelSize:8]]
[2026.03.14-07.05.49:721][  0]LogConfig: Setting CVar [[r.VolumetricFog.GridSizeZ:128]]
[2026.03.14-07.05.49:721][  0]LogConfig: Setting CVar [[r.VolumetricFog.HistoryMissSupersampleCount:4]]
[2026.03.14-07.05.49:721][  0]LogConfig: Setting CVar [[r.LightMaxDrawDistanceScale:1]]
[2026.03.14-07.05.49:721][  0]LogConfig: Setting CVar [[r.CapsuleShadows:1]]
[2026.03.14-07.05.49:721][  0]LogConfig: Applying CVar settings from Section [PostProcessQuality@3] File [C:/Users/user/Documents/GitHub/Conv/Conv/Saved/Config/Windows/Scalability.ini]
[2026.03.14-07.05.49:721][  0]LogConfig: Setting CVar [[r.MotionBlurQuality:4]]
[2026.03.14-07.05.49:721][  0]LogConfig: Setting CVar [[r.AmbientOcclusionMipLevelFactor:0.4]]
[2026.03.14-07.05.49:721][  0]LogConfig: Setting CVar [[r.AmbientOcclusionMaxQuality:100]]
[2026.03.14-07.05.49:721][  0]LogConfig: Setting CVar [[r.AmbientOcclusionLevels:-1]]
[2026.03.14-07.05.49:721][  0]LogConfig: Setting CVar [[r.AmbientOcclusionRadiusScale:1.0]]
[2026.03.14-07.05.49:721][  0]LogConfig: Setting CVar [[r.DepthOfFieldQuality:2]]
[2026.03.14-07.05.49:721][  0]LogConfig: Setting CVar [[r.RenderTargetPoolMin:400]]
[2026.03.14-07.05.49:721][  0]LogConfig: Setting CVar [[r.LensFlareQuality:2]]
[2026.03.14-07.05.49:721][  0]LogConfig: Setting CVar [[r.SceneColorFringeQuality:1]]
[2026.03.14-07.05.49:721][  0]LogConfig: Setting CVar [[r.EyeAdaptationQuality:2]]
[2026.03.14-07.05.49:721][  0]LogConfig: Setting CVar [[r.BloomQuality:5]]
[2026.03.14-07.05.49:721][  0]LogConfig: Setting CVar [[r.FastBlurThreshold:100]]
[2026.03.14-07.05.49:721][  0]LogConfig: Setting CVar [[r.Upscale.Quality:3]]
[2026.03.14-07.05.49:722][  0]LogConfig: Setting CVar [[r.Tonemapper.GrainQuantization:1]]
[2026.03.14-07.05.49:722][  0]LogConfig: Setting CVar [[r.LightShaftQuality:1]]
[2026.03.14-07.05.49:722][  0]LogConfig: Setting CVar [[r.Filter.SizeScale:1]]
[2026.03.14-07.05.49:722][  0]LogConfig: Setting CVar [[r.Tonemapper.Quality:5]]
[2026.03.14-07.05.49:722][  0]LogConfig: Setting CVar [[r.DOF.Gather.AccumulatorQuality:1        ; higher gathering accumulator quality]]
[2026.03.14-07.05.49:722][  0]LogConfig: Setting CVar [[r.DOF.Gather.PostfilterMethod:1          ; Median3x3 postfilering method]]
[2026.03.14-07.05.49:722][  0]LogConfig: Setting CVar [[r.DOF.Gather.EnableBokehSettings:0       ; no bokeh simulation when gathering]]
[2026.03.14-07.05.49:722][  0]LogConfig: Setting CVar [[r.DOF.Gather.RingCount:4                 ; medium number of samples when gathering]]
[2026.03.14-07.05.49:722][  0]LogConfig: Setting CVar [[r.DOF.Scatter.ForegroundCompositing:1    ; additive foreground scattering]]
[2026.03.14-07.05.49:722][  0]LogConfig: Setting CVar [[r.DOF.Scatter.BackgroundCompositing:2    ; additive background scattering]]
[2026.03.14-07.05.49:722][  0]LogConfig: Setting CVar [[r.DOF.Scatter.EnableBokehSettings:1      ; bokeh simulation when scattering]]
[2026.03.14-07.05.49:722][  0]LogConfig: Setting CVar [[r.DOF.Scatter.MaxSpriteRatio:0.1         ; only a maximum of 10% of scattered bokeh]]
[2026.03.14-07.05.49:722][  0]LogConfig: Setting CVar [[r.DOF.Recombine.Quality:1                ; cheap slight out of focus]]
[2026.03.14-07.05.49:722][  0]LogConfig: Setting CVar [[r.DOF.Recombine.EnableBokehSettings:0    ; no bokeh simulation on slight out of focus]]
[2026.03.14-07.05.49:722][  0]LogConfig: Setting CVar [[r.DOF.TemporalAAQuality:1                ; more stable temporal accumulation]]
[2026.03.14-07.05.49:722][  0]LogConfig: Setting CVar [[r.DOF.Kernel.MaxForegroundRadius:0.025]]
[2026.03.14-07.05.49:722][  0]LogConfig: Setting CVar [[r.DOF.Kernel.MaxBackgroundRadius:0.025]]
[2026.03.14-07.05.49:722][  0]LogConfig: Applying CVar settings from Section [TextureQuality@3] File [C:/Users/user/Documents/GitHub/Conv/Conv/Saved/Config/Windows/Scalability.ini]
[2026.03.14-07.05.49:722][  0]LogConfig: Setting CVar [[r.Streaming.MipBias:0]]
[2026.03.14-07.05.49:722][  0]LogConfig: Setting CVar [[r.Streaming.AmortizeCPUToGPUCopy:0]]
[2026.03.14-07.05.49:722][  0]LogConfig: Setting CVar [[r.Streaming.MaxNumTexturesToStreamPerFrame:0]]
[2026.03.14-07.05.49:722][  0]LogConfig: Setting CVar [[r.Streaming.Boost:1]]
[2026.03.14-07.05.49:722][  0]LogConfig: Setting CVar [[r.MaxAnisotropy:8]]
[2026.03.14-07.05.49:722][  0]LogConfig: Setting CVar [[r.VT.MaxAnisotropy:8]]
[2026.03.14-07.05.49:722][  0]LogConfig: Setting CVar [[r.Streaming.LimitPoolSizeToVRAM:0]]
[2026.03.14-07.05.49:722][  0]LogConfig: Setting CVar [[r.Streaming.PoolSize:1000]]
[2026.03.14-07.05.49:722][  0]LogConfig: Setting CVar [[r.Streaming.MaxEffectiveScreenSize:0]]
[2026.03.14-07.05.49:722][  0]LogConfig: Applying CVar settings from Section [EffectsQuality@3] File [C:/Users/user/Documents/GitHub/Conv/Conv/Saved/Config/Windows/Scalability.ini]
[2026.03.14-07.05.49:722][  0]LogConfig: Setting CVar [[r.TranslucencyLightingVolumeDim:64]]
[2026.03.14-07.05.49:722][  0]LogConfig: Setting CVar [[r.RefractionQuality:2]]
[2026.03.14-07.05.49:722][  0]LogConfig: Setting CVar [[r.SSR.Quality:3]]
[2026.03.14-07.05.49:722][  0]LogConfig: Setting CVar [[r.SSR.HalfResSceneColor:0]]
[2026.03.14-07.05.49:722][  0]LogConfig: Setting CVar [[r.SceneColorFormat:4]]
[2026.03.14-07.05.49:722][  0]LogConfig: Setting CVar [[r.DetailMode:2]]
[2026.03.14-07.05.49:722][  0]LogConfig: Setting CVar [[r.TranslucencyVolumeBlur:1]]
[2026.03.14-07.05.49:722][  0]LogConfig: Setting CVar [[r.MaterialQualityLevel:1 ; High quality]]
[2026.03.14-07.05.49:722][  0]LogConfig: Setting CVar [[r.AnisotropicMaterials:1]]
[2026.03.14-07.05.49:722][  0]LogConfig: Setting CVar [[r.SSS.Scale:1]]
[2026.03.14-07.05.49:722][  0]LogConfig: Setting CVar [[r.SSS.SampleSet:2]]
[2026.03.14-07.05.49:722][  0]LogConfig: Setting CVar [[r.SSS.Quality:1]]
[2026.03.14-07.05.49:722][  0]LogConfig: Setting CVar [[r.SSS.HalfRes:0]]
[2026.03.14-07.05.49:722][  0]LogConfig: Setting CVar [[r.SSGI.Quality:3]]
[2026.03.14-07.05.49:722][  0]LogConfig: Setting CVar [[r.EmitterSpawnRateScale:1.0]]
[2026.03.14-07.05.49:722][  0]LogConfig: Setting CVar [[r.ParticleLightQuality:2]]
[2026.03.14-07.05.49:722][  0]LogConfig: Setting CVar [[r.SkyAtmosphere.AerialPerspectiveLUT.FastApplyOnOpaque:1 ; Always have FastSkyLUT 1 in this case to avoid wrong sky]]
[2026.03.14-07.05.49:722][  0]LogConfig: Setting CVar [[r.SkyAtmosphere.AerialPerspectiveLUT.SampleCountMaxPerSlice:4]]
[2026.03.14-07.05.49:722][  0]LogConfig: Setting CVar [[r.SkyAtmosphere.AerialPerspectiveLUT.DepthResolution:16.0]]
[2026.03.14-07.05.49:723][  0]LogConfig: Setting CVar [[r.SkyAtmosphere.FastSkyLUT:1]]
[2026.03.14-07.05.49:723][  0]LogConfig: Setting CVar [[r.SkyAtmosphere.FastSkyLUT.SampleCountMin:4.0]]
[2026.03.14-07.05.49:723][  0]LogConfig: Setting CVar [[r.SkyAtmosphere.FastSkyLUT.SampleCountMax:128.0]]
[2026.03.14-07.05.49:723][  0]LogConfig: Setting CVar [[r.SkyAtmosphere.SampleCountMin:4.0]]
[2026.03.14-07.05.49:723][  0]LogConfig: Setting CVar [[r.SkyAtmosphere.SampleCountMax:128.0]]
[2026.03.14-07.05.49:723][  0]LogConfig: Setting CVar [[r.SkyAtmosphere.TransmittanceLUT.UseSmallFormat:0]]
[2026.03.14-07.05.49:723][  0]LogConfig: Setting CVar [[r.SkyAtmosphere.TransmittanceLUT.SampleCount:10.0]]
[2026.03.14-07.05.49:723][  0]LogConfig: Setting CVar [[r.SkyAtmosphere.MultiScatteringLUT.SampleCount:15.0]]
[2026.03.14-07.05.49:723][  0]LogConfig: Setting CVar [[r.SkyLight.RealTimeReflectionCapture:1]]
[2026.03.14-07.05.49:723][  0]LogConfig: Applying CVar settings from Section [FoliageQuality@3] File [C:/Users/user/Documents/GitHub/Conv/Conv/Saved/Config/Windows/Scalability.ini]
[2026.03.14-07.05.49:723][  0]LogConfig: Setting CVar [[foliage.DensityScale:1.0]]
[2026.03.14-07.05.49:723][  0]LogConfig: Setting CVar [[grass.DensityScale:1.0]]
[2026.03.14-07.05.49:723][  0]LogConfig: Applying CVar settings from Section [ShadingQuality@3] File [C:/Users/user/Documents/GitHub/Conv/Conv/Saved/Config/Windows/Scalability.ini]
[2026.03.14-07.05.49:723][  0]LogConfig: Setting CVar [[r.HairStrands.SkyLighting.IntegrationType:2]]
[2026.03.14-07.05.49:723][  0]LogConfig: Setting CVar [[r.HairStrands.SkyAO.SampleCount:4]]
[2026.03.14-07.05.49:723][  0]LogConfig: Setting CVar [[r.HairStrands.Visibility.MSAA.SamplePerPixel:4]]
[2026.03.14-07.05.49:723][  0]LogConfig: Applying CVar settings from Section [Startup] File [../../../Engine/Config/ConsoleVariables.ini]
[2026.03.14-07.05.49:723][  0]LogConfig: Setting CVar [[net.UseAdaptiveNetUpdateFrequency:0]]
[2026.03.14-07.05.49:723][  0]LogConfig: Setting CVar [[p.chaos.AllowCreatePhysxBodies:1]]
[2026.03.14-07.05.49:723][  0]LogConfig: Setting CVar [[fx.SkipVectorVMBackendOptimizations:1]]
[2026.03.14-07.05.49:723][  0]LogConfig: Applying CVar settings from Section [ConsoleVariables] File [C:/Users/user/Documents/GitHub/Conv/Conv/Saved/Config/Windows/Engine.ini]
[2026.03.14-07.05.49:723][  0]LogConfig: Applying CVar settings from Section [ConsoleVariables] File [C:/Users/user/Documents/GitHub/Conv/Conv/Saved/Config/Windows/Editor.ini]
[2026.03.14-07.05.49:724][  0]LogInit: Computer: WIN-F0BR1M2G8QI
[2026.03.14-07.05.49:724][  0]LogInit: User: user
[2026.03.14-07.05.49:724][  0]LogInit: CPU Page size=4096, Cores=8
[2026.03.14-07.05.49:724][  0]LogInit: High frequency timer resolution =10.000000 MHz
[2026.03.14-07.05.49:724][  0]LogMemory: Memory total: Physical=15.3GB (16GB approx)
[2026.03.14-07.05.49:724][  0]LogMemory: Platform Memory Stats for Windows
[2026.03.14-07.05.49:724][  0]LogMemory: Process Physical Memory: 156.18 MB used, 156.18 MB peak
[2026.03.14-07.05.49:724][  0]LogMemory: Process Virtual Memory: 131.73 MB used, 131.73 MB peak
[2026.03.14-07.05.49:724][  0]LogMemory: Physical Memory: 9698.91 MB used,  6007.65 MB free, 15706.56 MB total
[2026.03.14-07.05.49:724][  0]LogMemory: Virtual Memory: 134210864.00 MB used,  6865.58 MB free, 134217728.00 MB total
[2026.03.14-07.05.49:813][  0]LogWindows: WindowsPlatformFeatures enabled
[2026.03.14-07.05.49:867][  0]LogInit: Physics initialised using underlying interface: PhysX
[2026.03.14-07.05.49:868][  0]LogInit: Using OS detected language (ru-RU).
[2026.03.14-07.05.49:868][  0]LogInit: Using OS detected locale (ru-RU).
[2026.03.14-07.05.49:882][  0]LogTextLocalizationManager: No specific localization for 'ru-RU' exists, so the 'ru' localization will be used.
[2026.03.14-07.05.49:883][  0]LogTextLocalizationResource: LocRes '../../../Engine/Content/Localization/Editor/ru/Editor.locres' could not be opened for reading!
[2026.03.14-07.05.49:883][  0]LogTextLocalizationResource: LocRes '../../../Engine/Content/Localization/EditorTutorials/ru/EditorTutorials.locres' could not be opened for reading!
[2026.03.14-07.05.49:883][  0]LogTextLocalizationResource: LocRes '../../../Engine/Content/Localization/Keywords/ru/Keywords.locres' could not be opened for reading!
[2026.03.14-07.05.49:883][  0]LogTextLocalizationResource: LocRes '../../../Engine/Content/Localization/Category/ru/Category.locres' could not be opened for reading!
[2026.03.14-07.05.49:884][  0]LogTextLocalizationResource: LocRes '../../../Engine/Content/Localization/ToolTips/ru/ToolTips.locres' could not be opened for reading!
[2026.03.14-07.05.49:884][  0]LogTextLocalizationResource: LocRes '../../../Engine/Content/Localization/PropertyNames/ru/PropertyNames.locres' could not be opened for reading!
[2026.03.14-07.05.49:884][  0]LogTextLocalizationResource: LocRes '../../../Engine/Content/Localization/Engine/ru/Engine.locres' could not be opened for reading!
[2026.03.14-07.05.49:886][  0]LogInit: Setting process to per monitor DPI aware
[2026.03.14-07.05.49:919][  0]LogWindowsTextInputMethodSystem: Display: IME system deactivated.
[2026.03.14-07.05.49:952][  0]LogSlate: New Slate User Created.  User Index 0, Is Virtual User: 0
[2026.03.14-07.05.49:952][  0]LogSlate: Slate User Registered.  User Index 0, Is Virtual User: 0
[2026.03.14-07.05.50:290][  0]LogD3D11RHI: Loaded GFSDK_Aftermath_Lib.x64.dll
[2026.03.14-07.05.50:331][  0]LogHMD: Failed to initialize OpenVR with code 110
[2026.03.14-07.05.50:331][  0]LogD3D11RHI: D3D11 min allowed feature level: 11_0
[2026.03.14-07.05.50:331][  0]LogD3D11RHI: D3D11 max allowed feature level: 11_0
[2026.03.14-07.05.50:331][  0]LogD3D11RHI: D3D11 adapters:
[2026.03.14-07.05.50:452][  0]LogD3D11RHI:    0. 'AMD Radeon(TM) Graphics' (Feature Level 11_0)
[2026.03.14-07.05.50:452][  0]LogD3D11RHI:       495/0/7853 MB DedicatedVideo/DedicatedSystem/SharedSystem, Outputs:1, VendorId:0x1002
[2026.03.14-07.05.50:468][  0]LogD3D11RHI:    1. 'Microsoft Basic Render Driver' (Feature Level 11_0)
[2026.03.14-07.05.50:468][  0]LogD3D11RHI:       0/0/7853 MB DedicatedVideo/DedicatedSystem/SharedSystem, Outputs:0, VendorId:0x1414
[2026.03.14-07.05.50:576][  0]LogD3D11RHI:    2. 'AMD Radeon(TM) Graphics' (Feature Level 11_0)
[2026.03.14-07.05.50:576][  0]LogD3D11RHI:       495/0/7853 MB DedicatedVideo/DedicatedSystem/SharedSystem, Outputs:0, VendorId:0x1002
[2026.03.14-07.05.50:576][  0]LogD3D11RHI: Chosen D3D11 Adapter:
[2026.03.14-07.05.50:576][  0]LogD3D11RHI:     Description : AMD Radeon(TM) Graphics
[2026.03.14-07.05.50:576][  0]LogD3D11RHI:     VendorId    : 1002
[2026.03.14-07.05.50:576][  0]LogD3D11RHI:     DeviceId    : 164c
[2026.03.14-07.05.50:576][  0]LogD3D11RHI:     SubSysId    : 1410152d
[2026.03.14-07.05.50:576][  0]LogD3D11RHI:     Revision    : 00c1
[2026.03.14-07.05.50:576][  0]LogD3D11RHI:     DedicatedVideoMemory : 519634944 bytes
[2026.03.14-07.05.50:576][  0]LogD3D11RHI:     DedicatedSystemMemory : 0 bytes
[2026.03.14-07.05.50:576][  0]LogD3D11RHI:     SharedSystemMemory : 8234760192 bytes
[2026.03.14-07.05.50:576][  0]LogD3D11RHI:     AdapterLuid : 0 44810
[2026.03.14-07.05.50:590][  0]LogD3D11RHI: Creating new Direct3DDevice
[2026.03.14-07.05.50:590][  0]LogD3D11RHI:     GPU DeviceId: 0x164c (for the marketing name, search the web for "GPU Device Id")
[2026.03.14-07.05.50:590][  0]LogWindows: EnumDisplayDevices:
[2026.03.14-07.05.50:590][  0]LogWindows:    0. 'AMD Radeon(TM) Graphics' (P:1 D:1)
[2026.03.14-07.05.50:592][  0]LogWindows:    1. 'AMD Radeon(TM) Graphics' (P:0 D:0)
[2026.03.14-07.05.50:593][  0]LogWindows:    2. 'AMD Radeon(TM) Graphics' (P:0 D:0)
[2026.03.14-07.05.50:594][  0]LogWindows:    3. 'IddDesk Device' (P:0 D:0)
[2026.03.14-07.05.50:595][  0]LogWindows:    4. 'IddDesk Device' (P:0 D:0)
[2026.03.14-07.05.50:597][  0]LogWindows:    5. 'IddDesk Device' (P:0 D:0)
[2026.03.14-07.05.50:597][  0]LogWindows:    6. 'IddDesk Device' (P:0 D:0)
[2026.03.14-07.05.50:599][  0]LogWindows:    7. 'IddDesk Device' (P:0 D:0)
[2026.03.14-07.05.50:599][  0]LogWindows:    8. 'IddDesk Device' (P:0 D:0)
[2026.03.14-07.05.50:599][  0]LogWindows:    9. 'IddDesk Device' (P:0 D:0)
[2026.03.14-07.05.50:600][  0]LogWindows:    10. 'IddDesk Device' (P:0 D:0)
[2026.03.14-07.05.50:601][  0]LogWindows:    11. 'IddDesk Device' (P:0 D:0)
[2026.03.14-07.05.50:601][  0]LogWindows:    12. 'IddDesk Device' (P:0 D:0)
[2026.03.14-07.05.50:602][  0]LogWindows: DebugString: GetVideoDriverDetailsInvalid PrimaryIsNotTheChoosenAdapter GetVideoDriverDetailsInvalid PrimaryIsNotTheChoosenAdapter GetVideoDriverDetailsInvalid PrimaryIsNotTheChoosenAdapter GetVideoDriverDetailsInvalid PrimaryIsNotTheChoosenAdapter GetVideoDriverDetailsInvalid PrimaryIsNotTheChoosenAdapter GetVideoDriverDetailsInvalid PrimaryIsNotTheChoosenAdapter GetVideoDriverDetailsInvalid PrimaryIsNotTheChoosenAdapter GetVideoDriverDetailsInvalid PrimaryIsNotTheChoosenAdapter GetVideoDriverDetailsInvalid PrimaryIsNotTheChoosenAdapter GetVideoDriverDetailsInvalid PrimaryIsNotTheChoosenAdapter FoundDriverCount:3 
[2026.03.14-07.05.50:602][  0]LogD3D11RHI:     Adapter Name: AMD Radeon(TM) Graphics
[2026.03.14-07.05.50:602][  0]LogD3D11RHI:   Driver Version: AMD Software: Adrenalin Edition 26.1.1 (internal:31.0.21924.61, unified:31.0.21924.61)
[2026.03.14-07.05.50:602][  0]LogD3D11RHI:      Driver Date: 12-11-2025
[2026.03.14-07.05.50:602][  0]LogRHI: Texture pool is 5372 MB (70% of 7675 MB)
[2026.03.14-07.05.50:654][  0]LogD3D11RHI: Creating D3DDevice with AMD AGS, using adapter:
[2026.03.14-07.05.50:654][  0]LogD3D11RHI:     Description : AMD Radeon(TM) Graphics
[2026.03.14-07.05.50:654][  0]LogD3D11RHI:     VendorId    : 1002
[2026.03.14-07.05.50:654][  0]LogD3D11RHI:     DeviceId    : 164c
[2026.03.14-07.05.50:654][  0]LogD3D11RHI:     SubSysId    : 1410152d
[2026.03.14-07.05.50:654][  0]LogD3D11RHI:     Revision    : 00c1
[2026.03.14-07.05.50:654][  0]LogD3D11RHI:     DedicatedVideoMemory : 519634944 bytes
[2026.03.14-07.05.50:654][  0]LogD3D11RHI:     DedicatedSystemMemory : 0 bytes
[2026.03.14-07.05.50:654][  0]LogD3D11RHI:     SharedSystemMemory : 8234760192 bytes
[2026.03.14-07.05.50:654][  0]LogD3D11RHI:     AdapterLuid : 0 44810
[2026.03.14-07.05.50:760][  0]LogD3D11RHI: Created device via AGS, feature level 11_0, supported extensions 1fffffbf.
[2026.03.14-07.05.50:760][  0]LogD3D11RHI: RHI has support for 64 bit atomics
[2026.03.14-07.05.50:760][  0]LogD3D11RHI: Async texture creation enabled
[2026.03.14-07.05.50:760][  0]LogD3D11RHI: Array index from any shader is supported
[2026.03.14-07.05.50:777][  0]LogD3D11RHI: GPU Timing Frequency: 100.000000 (Debug: 2 1)
[2026.03.14-07.05.51:519][  0]LogTargetPlatformManager: Display: Loaded TargetPlatform 'AllDesktop'
[2026.03.14-07.05.51:564][  0]LogTargetPlatformManager: Display: Loaded TargetPlatform 'Android'
[2026.03.14-07.05.51:564][  0]LogTargetPlatformManager: Display: Loaded TargetPlatform 'Android_ASTC'
[2026.03.14-07.05.51:564][  0]LogTargetPlatformManager: Display: Loaded TargetPlatform 'Android_DXT'
[2026.03.14-07.05.51:564][  0]LogTargetPlatformManager: Display: Loaded TargetPlatform 'Android_ETC2'
[2026.03.14-07.05.51:564][  0]LogTargetPlatformManager: Display: Loaded TargetPlatform 'AndroidClient'
[2026.03.14-07.05.51:564][  0]LogTargetPlatformManager: Display: Loaded TargetPlatform 'Android_ASTCClient'
[2026.03.14-07.05.51:564][  0]LogTargetPlatformManager: Display: Loaded TargetPlatform 'Android_DXTClient'
[2026.03.14-07.05.51:564][  0]LogTargetPlatformManager: Display: Loaded TargetPlatform 'Android_ETC2Client'
[2026.03.14-07.05.51:564][  0]LogTargetPlatformManager: Display: Loaded TargetPlatform 'Android_Multi'
[2026.03.14-07.05.51:564][  0]LogTargetPlatformManager: Display: Loaded TargetPlatform 'Android_MultiClient'
[2026.03.14-07.05.51:605][  0]LogTargetPlatformManager: Display: Loaded TargetPlatform 'IOSClient'
[2026.03.14-07.05.51:605][  0]LogTargetPlatformManager: Display: Loaded TargetPlatform 'IOS'
[2026.03.14-07.05.51:625][  0]LogTargetPlatformManager: Display: Loaded TargetPlatform 'Linux'
[2026.03.14-07.05.51:638][  0]LogTargetPlatformManager: Display: Loaded TargetPlatform 'LinuxNoEditor'
[2026.03.14-07.05.51:650][  0]LogTargetPlatformManager: Display: Loaded TargetPlatform 'LinuxClient'
[2026.03.14-07.05.51:662][  0]LogTargetPlatformManager: Display: Loaded TargetPlatform 'LinuxServer'
[2026.03.14-07.05.51:680][  0]LogTargetPlatformManager: Display: Loaded TargetPlatform 'LinuxAArch64NoEditor'
[2026.03.14-07.05.51:691][  0]LogTargetPlatformManager: Display: Loaded TargetPlatform 'LinuxAArch64Client'
[2026.03.14-07.05.51:702][  0]LogTargetPlatformManager: Display: Loaded TargetPlatform 'LinuxAArch64Server'
[2026.03.14-07.05.51:750][  0]LogTargetPlatformManager: Display: Loaded TargetPlatform 'Lumin'
[2026.03.14-07.05.51:750][  0]LogTargetPlatformManager: Display: Loaded TargetPlatform 'LuminClient'
[2026.03.14-07.05.51:768][  0]LogTargetPlatformManager: Display: Loaded TargetPlatform 'MacNoEditor'
[2026.03.14-07.05.51:779][  0]LogTargetPlatformManager: Display: Loaded TargetPlatform 'Mac'
[2026.03.14-07.05.51:788][  0]LogTargetPlatformManager: Display: Loaded TargetPlatform 'MacClient'
[2026.03.14-07.05.51:800][  0]LogTargetPlatformManager: Display: Loaded TargetPlatform 'MacServer'
[2026.03.14-07.05.51:820][  0]LogTargetPlatformManager: Display: Loaded TargetPlatform 'TVOSClient'
[2026.03.14-07.05.51:820][  0]LogTargetPlatformManager: Display: Loaded TargetPlatform 'TVOS'
[2026.03.14-07.05.51:841][  0]LogTargetPlatformManager: Display: Loaded TargetPlatform 'WindowsNoEditor'
[2026.03.14-07.05.51:851][  0]LogTargetPlatformManager: Display: Loaded TargetPlatform 'Windows'
[2026.03.14-07.05.51:863][  0]LogTargetPlatformManager: Display: Loaded TargetPlatform 'WindowsClient'
[2026.03.14-07.05.51:872][  0]LogTargetPlatformManager: Display: Loaded TargetPlatform 'WindowsServer'
[2026.03.14-07.05.51:872][  0]LogTargetPlatformManager: Display: Building Assets For Windows
[2026.03.14-07.05.51:892][  0]LogAudioDebug: Display: Lib vorbis DLL was dynamically loaded.
[2026.03.14-07.05.51:973][  0]LogTextureFormatOodle: Display: Oodle Texture 2.9.0 init RDO Off
[2026.03.14-07.05.52:053][  0]LogRendererCore: Ray tracing is disabled. Reason: r.RayTracing=0.
[2026.03.14-07.05.52:053][  0]LogShaderCompilers: Guid format shader working directory is -10 characters bigger than the processId version (../../../../../../Users/user/Documents/GitHub/Conv/Conv/Intermediate/Shaders/WorkingDirectory/4996/).
[2026.03.14-07.05.52:053][  0]LogShaderCompilers: Cleaned the shader compiler working directory 'C:/Users/user/AppData/Local/Temp/UnrealShaderWorkingDir/0B841AFB4DFEBFD81C5F1CB04163319C/'.
[2026.03.14-07.05.52:055][  0]LogXGEController: Cannot use XGE Controller as Incredibuild is not installed on this machine.
[2026.03.14-07.05.52:055][  0]LogShaderCompilers: Cannot use XGE Shader Compiler as Incredibuild is not installed on this machine.
[2026.03.14-07.05.52:055][  0]LogShaderCompilers: Display: Using Local Shader Compiler.
[2026.03.14-07.05.53:522][  0]LogDerivedDataCache: Display: Max Cache Size: 512 MB
[2026.03.14-07.05.53:607][  0]LogDerivedDataCache: Loaded boot cache 0.08s 94MB C:/Users/user/AppData/Local/UnrealEngine/4.27/DerivedDataCache/Boot.ddc.
[2026.03.14-07.05.53:607][  0]LogDerivedDataCache: Display: Loaded Boot cache: C:/Users/user/AppData/Local/UnrealEngine/4.27/DerivedDataCache/Boot.ddc
[2026.03.14-07.05.53:607][  0]LogDerivedDataCache: FDerivedDataBackendGraph:  Pak pak cache file ../../../../../../Users/user/Documents/GitHub/Conv/Conv/DerivedDataCache/DDC.ddp not found, will not use a pak cache.
[2026.03.14-07.05.53:607][  0]LogDerivedDataCache: Unable to find inner node Pak for hierarchical cache Hierarchy.
[2026.03.14-07.05.53:607][  0]LogDerivedDataCache: FDerivedDataBackendGraph:  CompressedPak pak cache file ../../../../../../Users/user/Documents/GitHub/Conv/Conv/DerivedDataCache/Compressed.ddp not found, will not use a pak cache.
[2026.03.14-07.05.53:607][  0]LogDerivedDataCache: Unable to find inner node CompressedPak for hierarchical cache Hierarchy.
[2026.03.14-07.05.53:645][  0]LogDerivedDataCache: Display: Pak cache opened for reading ../../../Engine/DerivedDataCache/Compressed.ddp.
[2026.03.14-07.05.53:645][  0]LogDerivedDataCache: FDerivedDataBackendGraph:  EnterprisePak pak cache file ../../../Enterprise/DerivedDataCache/Compressed.ddp not found, will not use a pak cache.
[2026.03.14-07.05.53:645][  0]LogDerivedDataCache: Unable to find inner node EnterprisePak for hierarchical cache Hierarchy.
[2026.03.14-07.05.53:682][  0]LogDerivedDataCache: Speed tests for C:/Users/user/AppData/Local/UnrealEngine/Common/DerivedDataCache took 0.04 seconds
[2026.03.14-07.05.53:682][  0]LogDerivedDataCache: Display: Performance to C:/Users/user/AppData/Local/UnrealEngine/Common/DerivedDataCache: Latency=0.06ms. RandomReadSpeed=367.28MBs, RandomWriteSpeed=28.62MBs. Assigned SpeedClass 'Local'
[2026.03.14-07.05.53:683][  0]LogDerivedDataCache: Using Local data cache path C:/Users/user/AppData/Local/UnrealEngine/Common/DerivedDataCache: Writable
[2026.03.14-07.05.53:684][  0]LogDerivedDataCache: Shared data cache path not found in *engine.ini, will not use an Shared cache.
[2026.03.14-07.05.53:684][  0]LogDerivedDataCache: Unable to find inner node Shared for hierarchical cache Hierarchy.
[2026.03.14-07.05.53:780][  0]LogSlate: Using FreeType 2.10.0
[2026.03.14-07.05.53:781][  0]LogSlate: SlateFontServices - WITH_FREETYPE: 1, WITH_HARFBUZZ: 1
[2026.03.14-07.05.53:826][  0]LogAssetRegistry: FAssetRegistry took 0.0053 seconds to start up
[2026.03.14-07.05.54:476][  0]LogInit: Selected Device Profile: [Windows]
[2026.03.14-07.05.54:476][  0]LogInit: Active device profile: [0000014E52901400][0000014E4BEA98C0 49] Windows
[2026.03.14-07.05.54:477][  0]LogInit: Profiles: [0000014E52901400][0000014E4BEA98C0 49] Windows, [0000014E528AB300][0000014E5334DA40 49] WindowsNoEditor, [0000014E52900E00][0000014E5337BBC0 49] WindowsServer, [0000014E528A9000][0000014E5337E1C0 49] WindowsClient, [0000014E52902700][0000014E53382340 49] IOS, [0000014E528AFF00][0000014E533864C0 49] iPadAir, [0000014E528A8300][0000014E4BEAC600 49] iPadAir2, [0000014E527F0700][0000014E4625A840 49] IPadPro, [0000014E527F0800][0000014E5338A880 49] iPadAir3, [0000014E528AC100][0000014E4625E9C0 49] iPadAir4, [0000014E527F2E00][0000014E46266B40 49] iPadMini2, [0000014E528AE600][0000014E4626ACC0 49] iPadMini3, [0000014E527F3700][0000014E4626EE40 49] iPadMini4, [0000014E528ACB00][0000014E46272FC0 49] iPadMini5, [0000014E527D7F00][0000014E4627B280 49] iPhone6, [0000014E527D7E00][0000014E462772C0 49] iPodTouch6, [0000014E52903B00][0000014E46283580 49] iPhone7, [0000014E52903C00][0000014E4627F5C0 49] iPodTouch7, [0000014E527D4500][0000014E533A1740 49] iPhone5S, [0000014E527F2C00][0000014E533A58C0 49] iPhone6Plus, [0000014E527D5F00][0000014E533A9A40 49] iPhone6S, [0000014E527F1300][0000014E533ADBC0 49] iPhone6SPlus, [0000014E52901E00][0000014E533B01C0 49] iPhone7Plus, [0000014E527F1000][0000014E533B4340 49] iPhoneSE, [0000014E52903400][0000014E533B84C0 49] iPhone8, [0000014E527F0F00][0000014E533BC640 49] iPhone8Plus, [0000014E52900300][0000014E46262780 49] iPhoneX, [0000014E527F2300][0000014E533C08C0 49] iPhoneXS, [0000014E52903500][0000014E533C4A00 49] iPhoneXSMax, [0000014E527F3D00][0000014E533C8B40 49] iPhoneXR, [0000014E52900400][0000014E533D0CC0 49] iPhone11, [0000014E527F2000][0000014E533D4E40 49] iPhone11Pro, [0000014E52903A00][0000014E533D8FC0 49] iPhone11ProMax, [0000014E527F2500][0000014E533DD140 49] iPhoneSE2, [0000014E52902300][0000014E533E12C0 49] iPhone12Mini, [0000014E527F2900][0000014E533E5440 49] iPhone12, [0000014E52901900][0000014E533E95C0 49] iPhone12Pro, [0000014E527F0200][0000014E533ED740 49] iPhone12ProMax, [0000014E52903600][0000014E533F18C0 49] iPadPro105, [0000014E527F2200][0000014E533F5A40 49] iPadPro129, [0000014E52901A00][0000014E533F9BC0 49] iPadPro97, [0000014E527F2600][0000014E533FC1C0 49] iPadPro2_129, [0000014E52902900][0000014E53400340 49] iPad5, [0000014E527F1100][0000014E534044C0 49] iPad6, [0000014E52900200][0000014E53408640 49] iPad7, [0000014E527F3800][0000014E5340C7C0 49] iPad8, [0000014E52900800][0000014E53410940 49] iPadPro11, [0000014E527F3A00][0000014E533CCA80 49] iPadPro2_11, [0000014E52902100][0000014E53414BC0 49] iPadPro3_129, [0000014E527F0500][0000014E53418D00 49] iPadPro4_129, [0000014E52901B00][0000014E53420E80 49] AppleTV, [0000014E527F2800][0000014E53425000 49] AppleTV4K, [0000014E52903000][0000014E53429180 49] TVOS, [0000014E527F1E00][0000014E5342D300 49] Mac, [0000014E52900F00][0000014E53431480 49] MacClient, [0000014E527F3F00][0000014E53435600 49] MacNoEditor, [0000014E52901200][0000014E53439780 49] MacServer, [0000014E527F1D00][0000014E5343D900 49] Linux, [0000014E52902D00][0000014E53441A80 49] LinuxAArch64, [0000014E527F0B00][0000014E53445C00 49] LinuxNoEditor, [0000014E52902000][0000014E53448200 49] LinuxAArch64NoEditor, [0000014E527F3500][0000014E5344C380 49] LinuxClient, [0000014E52900B00][0000014E53450500 49] LinuxAArch64Client, [0000014E527F3100][0000014E53454680 49] LinuxServer, [0000014E52903100][0000014E53458800 49] LinuxAArch64Server, [0000014E527F3400][0000014E5345C980 49] Android, [0000014E52901300][0000014E53460B00 49] Android_Low, [0000014E528AF300][0000014E5341CC40 49] Android_Mid, [0000014E527D7400][0000014E53464D80 49] Android_High, [0000014E528AC800][0000014E53468EC0 49] Android_Default, [0000014E527D6D00][0000014E53471040 49] Android_Adreno4xx, [0000014E528AEE00][0000014E534751C0 49] Android_Adreno5xx_Low, [0000014E527D7100][0000014E53479340 49] Android_Adreno5xx, [0000014E528ADA00][0000014E5347D4C0 49] Android_Adreno6xx, [0000014E527D6E00][0000014E53481640 49] Android_Adreno6xx_Vulkan, [0000014E528AD300][0000014E534857C0 49] Android_Mali_T6xx, [0000014E527D4200][0000014E53489940 49] Android_Mali_T7xx, [0000014E528AF800][0000014E5348DAC0 49] Android_Mali_T8xx, [0000014E527D6700][0000014E534900C0 49] Android_Mali_G71, [0000014E528AF100][0000014E53494240 49] Android_Mali_G72, [0000014E527D7000][0000014E534983C0 49] Android_Mali_G72_Vulkan, [0000014E528ACC00][0000014E5349C540 49] Android_Mali_G76, [0000014E527D6000][0000014E534A06C0 49] Android_Mali_G76_Vulkan, [0000014E528AD000][0000014E534A4840 49] Android_Mali_G77, [0000014E527D6100][0000014E534A89C0 49] Android_Mali_G77_Vulkan, [0000014E528AF000][0000014E534ACB40 49] Android_Mali_G78, [0000014E527D4600][0000014E534B0CC0 49] Android_Mali_G78_Vulkan, [0000014E528AEB00][0000014E5346CE00 49] Android_Mali_G710, [0000014E527D6C00][0000014E534B4F40 49] Android_Mali_G710_Vulkan, [0000014E528AE100][0000014E534B9080 49] Android_Vulkan_SM5, [0000014E527D4800][0000014E534BD1C0 49] Android_PowerVR_G6xxx, [0000014E528AD200][0000014E534C5340 49] Android_PowerVR_GT7xxx, [0000014E527D5D00][0000014E534C94C0 49] Android_PowerVR_GE8xxx, [0000014E528AC600][0000014E534CD640 49] Android_PowerVR_GM9xxx, [0000014E527D4D00][0000014E534D17C0 49] Android_PowerVR_GM9xxx_Vulkan, [0000014E528ADF00][0000014E534D5940 49] Android_TegraK1, [0000014E527D7800][0000014E534D9AC0 49] Android_Unknown_Vulkan, [0000014E528AE300][0000014E534DC0C0 49] Lumin, [0000014E527D4F00][0000014E534E0240 49] Lumin_Desktop, [0000014E52900500][0000014E534E43C0 49] HoloLens, 
[2026.03.14-07.05.54:887][  0]LogMeshReduction: Using QuadricMeshReduction for automatic static mesh reduction
[2026.03.14-07.05.54:887][  0]LogMeshReduction: Using SimplygonMeshReduction for automatic skeletal mesh reduction
[2026.03.14-07.05.54:887][  0]LogMeshReduction: Using ProxyLODMeshReduction for automatic mesh merging
[2026.03.14-07.05.54:887][  0]LogMeshReduction: No distributed automatic mesh merging module available
[2026.03.14-07.05.54:887][  0]LogMeshMerging: No distributed automatic mesh merging module available
[2026.03.14-07.05.54:937][  0]LogNetVersion: Conv 1.0.0, NetCL: 17155196, EngineNetVer: 17, GameNetVer: 0 (Checksum: 2428078195)
[2026.03.14-07.05.56:014][  0]LogTexture: Default maximum texture size for cubemaps generated from long-lat sources has been changed from 512 to unlimited. In order to preserve old behaiour for '/Engine/MapTemplates/Sky/DaylightAmbientCubemap.DaylightAmbientCubemap', its maximum texture size has been explicitly set to 512.
[2026.03.14-07.05.56:144][  0]LogHMD: PokeAHoleMaterial loaded successfully
[2026.03.14-07.05.56:163][  0]LogUObjectArray: 17178 objects as part of root set at end of initial load.
[2026.03.14-07.05.56:163][  0]LogUObjectAllocator: 4302048 out of 0 bytes used by permanent object pool.
[2026.03.14-07.05.56:163][  0]LogUObjectArray: CloseDisregardForGC: 0/0 objects in disregard for GC pool
[2026.03.14-07.05.57:204][  0]LogNiagaraDebuggerClient: Niagara Debugger Client Initialized | Session: AAC3CCC14DB6F3A3017592B9D375A338 | Instance: ADB5B3AE4BDCFC92C995748DE9DC1080 (WIN-F0BR1M2G8QI-4996).
[2026.03.14-07.05.57:563][  0]LogPython: Using Python 3.7.7
[2026.03.14-07.05.58:591][  0]LogTcpMessaging: Initializing TcpMessaging bridge
[2026.03.14-07.05.58:635][  0]LogUdpMessaging: Initializing bridge on interface 0.0.0.0:0 to multicast group 230.0.0.1:6666.
[2026.03.14-07.05.58:996][  0]SourceControl: Source control is disabled
[2026.03.14-07.05.58:996][  0]SourceControl: Source control is disabled
[2026.03.14-07.05.59:004][  0]SourceControl: Source control is disabled
[2026.03.14-07.05.59:058][  0]SourceControl: Source control is disabled
[2026.03.14-07.05.59:108][  0]SourceControl: Source control is disabled
[2026.03.14-07.05.59:131][  0]LogUProjectInfo: Found projects:
[2026.03.14-07.05.59:557][  0]LogOpenImageDenoise: OIDN starting up
[2026.03.14-07.05.59:658][  0]LogAndroidPermission: UAndroidPermissionCallbackProxy::GetInstance
[2026.03.14-07.05.59:692][  0]LogAudioCaptureCore: Display: No Audio Capture implementations found. Audio input will be silent.
[2026.03.14-07.05.59:693][  0]LogAudioCaptureCore: Display: No Audio Capture implementations found. Audio input will be silent.
[2026.03.14-07.05.59:984][  0]LogCollectionManager: Loaded 0 collections in 0.002745 seconds
[2026.03.14-07.06.00:045][  0]LogFileCache: Scanning file cache for directory 'C:/Users/user/Documents/GitHub/Conv/Conv/Saved/Collections/' took 0.00s
[2026.03.14-07.06.00:045][  0]LogFileCache: Scanning file cache for directory 'C:/Users/user/Documents/GitHub/Conv/Conv/Content/Developers/user/Collections/' took 0.00s
[2026.03.14-07.06.00:045][  0]LogFileCache: Scanning file cache for directory 'C:/Users/user/Documents/GitHub/Conv/Conv/Content/Collections/' took 0.00s
[2026.03.14-07.06.00:045][  0]LogOcInput: OculusInput pre-init called
[2026.03.14-07.06.00:524][  0]LogEngine: Initializing Engine...
[2026.03.14-07.06.00:662][  0]LogHMD: Failed to enumerate extensions. Please check that you have a valid OpenXR runtime installed.
[2026.03.14-07.06.00:663][  0]LogHMD: Failed to initialize OpenVR with code 110
[2026.03.14-07.06.00:663][  0]LogMagicLeap: Warning: VR disabled because ZI is not enabled.  To enable, in the editor, Edit -> Project Settings -> Plugins -> Magic Leap Plugin -> Enable Zero Iteration
[2026.03.14-07.06.00:666][  0]LogStats: UGameplayTagsManager::InitializeManager -  0.000 s
[2026.03.14-07.06.00:923][  0]LogInit: Initializing FReadOnlyCVARCache
[2026.03.14-07.06.00:941][  0]LogAIModule: Creating AISystem for world Untitled
[2026.03.14-07.06.00:942][  0]LogAudio: Display: Initializing Audio Device Manager...
[2026.03.14-07.06.00:951][  0]LogAudio: Display: Loading Default Audio Settings Objects...
[2026.03.14-07.06.00:952][  0]LogAudio: Display: No default SoundConcurrencyObject specified (or failed to load).
[2026.03.14-07.06.00:953][  0]LogAudio: Display: Audio Device Manager Initialized
[2026.03.14-07.06.00:953][  0]LogAudio: Display: Creating Audio Device:                 Id: 1, Scope: Shared, Realtime: True
[2026.03.14-07.06.00:953][  0]LogAudioMixer: Display: Audio Mixer Platform Settings:
[2026.03.14-07.06.00:953][  0]LogAudioMixer: Display: 	Sample Rate:						  48000
[2026.03.14-07.06.00:953][  0]LogAudioMixer: Display: 	Callback Buffer Frame Size Requested: 1024
[2026.03.14-07.06.00:953][  0]LogAudioMixer: Display: 	Callback Buffer Frame Size To Use:	  1024
[2026.03.14-07.06.00:953][  0]LogAudioMixer: Display: 	Number of buffers to queue:			  2
[2026.03.14-07.06.00:953][  0]LogAudioMixer: Display: 	Max Channels (voices):				  32
[2026.03.14-07.06.00:953][  0]LogAudioMixer: Display: 	Number of Async Source Workers:		  0
[2026.03.14-07.06.00:953][  0]LogAudio: Display: AudioDevice MaxSources: 32
[2026.03.14-07.06.00:954][  0]LogAudio: Display: Audio Spatialization Plugin: None (built-in).
[2026.03.14-07.06.00:954][  0]LogAudio: Display: Audio Reverb Plugin: None (built-in).
[2026.03.14-07.06.00:954][  0]LogAudio: Display: Audio Occlusion Plugin: None (built-in).
[2026.03.14-07.06.00:954][  0]LogAudioMixer: Display: Initializing audio mixer.
[2026.03.14-07.06.01:060][  0]LogAudioMixer: Display: 0: FrontLeft
[2026.03.14-07.06.01:060][  0]LogAudioMixer: Display: 1: FrontRight
[2026.03.14-07.06.01:203][  0]LogAudioMixer: Display: Using Audio Device Наушники (HONOR CHOICE Headphones Pro)
[2026.03.14-07.06.01:204][  0]LogAudioMixer: Display: Initializing Sound Submixes...
[2026.03.14-07.06.01:210][  0]LogAudioMixer: Display: Creating Master Submix 'MasterSubmixDefault'
[2026.03.14-07.06.01:210][  0]LogAudioMixer: Display: Creating Master Submix 'MasterReverbSubmixDefault'
[2026.03.14-07.06.01:211][  0]LogAudioMixer: Display: Creating Master Submix 'MasterEQSubmixDefault'
[2026.03.14-07.06.01:211][  0]LogAudioMixer: FMixerPlatformXAudio2::StartAudioStream() called
[2026.03.14-07.06.01:211][  0]LogAudioMixer: Display: Output buffers initialized: Frames=1024, Channels=2, Samples=2048
[2026.03.14-07.06.01:213][  0]LogAudioMixer: Display: Starting AudioMixerPlatformInterface::RunInternal()
[2026.03.14-07.06.01:213][  0]LogAudioMixer: Display: FMixerPlatformXAudio2::SubmitBuffer() called for the first time
[2026.03.14-07.06.01:213][  0]LogInit: FAudioDevice initialized.
[2026.03.14-07.06.01:213][  0]LogAudio: Display: Audio Device (ID: 1) registered with world 'Untitled'.
[2026.03.14-07.06.01:213][  0]LogNetVersion: Set ProjectVersion to 1.0.0.0. Version Checksum will be recalculated on next use.
[2026.03.14-07.06.01:334][  0]LogDerivedDataCache: Saved boot cache 0.12s 94MB C:/Users/user/AppData/Local/UnrealEngine/4.27/DerivedDataCache/Boot.ddc.
[2026.03.14-07.06.01:339][  0]LogInit: Texture streaming: Enabled
[2026.03.14-07.06.01:395][  0]LogAnalytics: Display: [UEEditor.Rocket.Release] APIServer = https://datarouter.ol.epicgames.com/. AppVersion = 4.27.2-18319896+++UE4+Release-4.27
[2026.03.14-07.06.01:407][  0]LogEngineSessionManager: EngineSessionManager initialized
[2026.03.14-07.06.01:407][  0]LogEditorSessionSummary: Verbose: Initializing EditorSessionSummaryWriter for editor session tracking
[2026.03.14-07.06.01:414][  0]LogEditorSessionSummary: EditorSessionSummaryWriter initialized
[2026.03.14-07.06.01:452][  0]LogInit: Transaction tracking system initialized
[2026.03.14-07.06.01:504][  0]BlueprintLog: New page: Editor Load
[2026.03.14-07.06.01:684][  0]LocalizationService: Localization service is disabled
[2026.03.14-07.06.01:740][  0]TimingProfiler: Initialize
[2026.03.14-07.06.01:741][  0]TimingProfiler: OnSessionChanged
[2026.03.14-07.06.01:741][  0]LoadingProfiler: Initialize
[2026.03.14-07.06.01:741][  0]LoadingProfiler: OnSessionChanged
[2026.03.14-07.06.01:741][  0]NetworkingProfiler: Initialize
[2026.03.14-07.06.01:741][  0]NetworkingProfiler: OnSessionChanged
[2026.03.14-07.06.01:741][  0]MemoryProfiler: Initialize
[2026.03.14-07.06.01:741][  0]MemoryProfiler: OnSessionChanged
[2026.03.14-07.06.02:151][  0]LogCook: Display: CookSettings for Memory: MemoryMaxUsedVirtual 0MiB, MemoryMaxUsedPhysical 16384MiB, MemoryMinFreeVirtual 0MiB, MemoryMinFreePhysical 1024MiB
[2026.03.14-07.06.02:151][  0]LogFileCache: Scanning file cache for directory 'C:/Users/user/Documents/GitHub/Conv/Conv/Content/' took 0.00s
[2026.03.14-07.06.02:151][  0]LogCook: Display: Mobile HDR setting 1
[2026.03.14-07.06.02:941][  0]LogInit: Display: Engine is initialized. Leaving FEngineLoop::Init()
[2026.03.14-07.06.02:951][  0]SourceControl: Source control is disabled
[2026.03.14-07.06.02:951][  0]LogUnrealEdMisc: Loading editor; pre map load, took 15.577
[2026.03.14-07.06.02:952][  0]Cmd: MAP LOAD FILE="../../../Engine/Content/Maps/Templates/Template_Default.umap" TEMPLATE=1 SHOWPROGRESS=1 FEATURELEVEL=3
[2026.03.14-07.06.02:952][  0]LightingResults: New page: Lighting Build
[2026.03.14-07.06.02:955][  0]LogWorld: UWorld::CleanupWorld for Untitled, bSessionEnded=true, bCleanupResources=true
[2026.03.14-07.06.02:955][  0]LogSlate: InvalidateAllWidgets triggered.  All widgets were invalidated
[2026.03.14-07.06.02:955][  0]MapCheck: New page: Map Check
[2026.03.14-07.06.02:955][  0]LightingResults: New page: Lighting Build
[2026.03.14-07.06.02:962][  0]LogAudio: Display: Audio Device unregistered from world 'None'.
[2026.03.14-07.06.02:967][  0]LogUObjectHash: Compacting FUObjectHashTables data took   1.98ms
[2026.03.14-07.06.03:082][  0]LogTexture: Display: Building textures: DeprecatedTextureEB9CBE3C423008B5E8E130901E171C89 (BGRA8, 128X128)
[2026.03.14-07.06.03:089][  0]LogAudio: Display: Audio Device (ID: 1) registered with world 'Untitled_1'.
[2026.03.14-07.06.03:092][  0]LogAIModule: Creating AISystem for world Untitled_1
[2026.03.14-07.06.03:103][  0]LogEditorServer: Finished looking for orphan Actors (0.000 secs)
[2026.03.14-07.06.03:119][  0]LogUObjectHash: Compacting FUObjectHashTables data took   1.74ms
[2026.03.14-07.06.03:120][  0]Cmd: MAP CHECKDEP NOCLEARLOG
[2026.03.14-07.06.03:120][  0]MapCheck: Map check complete: 0 Error(s), 0 Warning(s), took 0,264ms to complete.
[2026.03.14-07.06.03:120][  0]LogFileHelpers: Loading map 'Template_Default' took 0.169
[2026.03.14-07.06.03:124][  0]LogUnrealEdMisc: Total Editor Startup Time, took 15.748
[2026.03.14-07.06.03:434][  0]LogSlate: Updating window title bar state: overlay mode, drag disabled, window buttons hidden, title bar hidden
[2026.03.14-07.06.03:447][  0]LogSlate: Updating window title bar state: overlay mode, drag disabled, window buttons hidden, title bar hidden
[2026.03.14-07.06.03:457][  0]LogSlate: Updating window title bar state: overlay mode, drag disabled, window buttons hidden, title bar hidden
[2026.03.14-07.06.03:468][  0]LogSlate: Updating window title bar state: overlay mode, drag disabled, window buttons hidden, title bar hidden
[2026.03.14-07.06.03:551][  0]LogNativeClassHierarchy: Verbose: Native class hierarchy populated in 0.0199 seconds. Added 3822 classes and 928 folders.
[2026.03.14-07.06.03:599][  0]LogNativeClassHierarchy: Verbose: Native class hierarchy updated for 'WidgetCarousel' in 0.0006 seconds. Added 0 classes and 0 folders.
[2026.03.14-07.06.03:602][  0]LogPakFile: PakFile PrimaryIndexSize=187
[2026.03.14-07.06.03:602][  0]LogPakFile: PakFile PathHashIndexSize=101
[2026.03.14-07.06.03:602][  0]LogPakFile: PakFile FullDirectoryIndexSize=148
[2026.03.14-07.06.03:602][  0]LogShaderLibrary: Display: ShaderCodeLibraryPakFileMountedCallback: PakFile 'C:/Program Files/Epic Games/UE_4.27/FeaturePacks/FP_FirstPerson.upack' (chunk index -1, root 'root:/') mounted
[2026.03.14-07.06.03:602][  0]LogShaderLibrary: Display: ShaderCodeLibraryPakFileMountedCallback: pending pak file info (ChunkID:-1 Root:root:/ File:C:/Program Files/Epic Games/UE_4.27/FeaturePacks/FP_FirstPerson.upack)
[2026.03.14-07.06.03:602][  0]LogPakFile: OnPakFileMounted2Time == 0.000129
[2026.03.14-07.06.03:604][  0]LogPakFile: PakFile PrimaryIndexSize=189
[2026.03.14-07.06.03:604][  0]LogPakFile: PakFile PathHashIndexSize=101
[2026.03.14-07.06.03:604][  0]LogPakFile: PakFile FullDirectoryIndexSize=152
[2026.03.14-07.06.03:604][  0]LogShaderLibrary: Display: ShaderCodeLibraryPakFileMountedCallback: PakFile 'C:/Program Files/Epic Games/UE_4.27/FeaturePacks/FP_FirstPersonBP.upack' (chunk index -1, root 'root:/') mounted
[2026.03.14-07.06.03:604][  0]LogShaderLibrary: Display: ShaderCodeLibraryPakFileMountedCallback: pending pak file info (ChunkID:-1 Root:root:/ File:C:/Program Files/Epic Games/UE_4.27/FeaturePacks/FP_FirstPersonBP.upack)
[2026.03.14-07.06.03:604][  0]LogPakFile: OnPakFileMounted2Time == 0.000099
[2026.03.14-07.06.03:605][  0]LogPakFile: PakFile PrimaryIndexSize=191
[2026.03.14-07.06.03:605][  0]LogPakFile: PakFile PathHashIndexSize=101
[2026.03.14-07.06.03:605][  0]LogPakFile: PakFile FullDirectoryIndexSize=160
[2026.03.14-07.06.03:605][  0]LogShaderLibrary: Display: ShaderCodeLibraryPakFileMountedCallback: PakFile 'C:/Program Files/Epic Games/UE_4.27/FeaturePacks/MobileStarterContent.upack' (chunk index -1, root 'root:/') mounted
[2026.03.14-07.06.03:605][  0]LogShaderLibrary: Display: ShaderCodeLibraryPakFileMountedCallback: pending pak file info (ChunkID:-1 Root:root:/ File:C:/Program Files/Epic Games/UE_4.27/FeaturePacks/MobileStarterContent.upack)
[2026.03.14-07.06.03:605][  0]LogPakFile: OnPakFileMounted2Time == 0.000090
[2026.03.14-07.06.03:607][  0]LogPakFile: PakFile PrimaryIndexSize=185
[2026.03.14-07.06.03:607][  0]LogPakFile: PakFile PathHashIndexSize=101
[2026.03.14-07.06.03:607][  0]LogPakFile: PakFile FullDirectoryIndexSize=148
[2026.03.14-07.06.03:607][  0]LogShaderLibrary: Display: ShaderCodeLibraryPakFileMountedCallback: PakFile 'C:/Program Files/Epic Games/UE_4.27/FeaturePacks/StarterContent.upack' (chunk index -1, root 'root:/') mounted
[2026.03.14-07.06.03:607][  0]LogShaderLibrary: Display: ShaderCodeLibraryPakFileMountedCallback: pending pak file info (ChunkID:-1 Root:root:/ File:C:/Program Files/Epic Games/UE_4.27/FeaturePacks/StarterContent.upack)
[2026.03.14-07.06.03:607][  0]LogPakFile: OnPakFileMounted2Time == 0.000096
[2026.03.14-07.06.03:608][  0]LogPakFile: PakFile PrimaryIndexSize=190
[2026.03.14-07.06.03:608][  0]LogPakFile: PakFile PathHashIndexSize=101
[2026.03.14-07.06.03:608][  0]LogPakFile: PakFile FullDirectoryIndexSize=154
[2026.03.14-07.06.03:608][  0]LogShaderLibrary: Display: ShaderCodeLibraryPakFileMountedCallback: PakFile 'C:/Program Files/Epic Games/UE_4.27/FeaturePacks/TP_2DSideScroller.upack' (chunk index -1, root 'root:/') mounted
[2026.03.14-07.06.03:608][  0]LogShaderLibrary: Display: ShaderCodeLibraryPakFileMountedCallback: pending pak file info (ChunkID:-1 Root:root:/ File:C:/Program Files/Epic Games/UE_4.27/FeaturePacks/TP_2DSideScroller.upack)
[2026.03.14-07.06.03:609][  0]LogPakFile: OnPakFileMounted2Time == 0.000118
[2026.03.14-07.06.03:610][  0]LogPakFile: PakFile PrimaryIndexSize=192
[2026.03.14-07.06.03:610][  0]LogPakFile: PakFile PathHashIndexSize=101
[2026.03.14-07.06.03:610][  0]LogPakFile: PakFile FullDirectoryIndexSize=158
[2026.03.14-07.06.03:610][  0]LogShaderLibrary: Display: ShaderCodeLibraryPakFileMountedCallback: PakFile 'C:/Program Files/Epic Games/UE_4.27/FeaturePacks/TP_2DSideScrollerBP.upack' (chunk index -1, root 'root:/') mounted
[2026.03.14-07.06.03:610][  0]LogShaderLibrary: Display: ShaderCodeLibraryPakFileMountedCallback: pending pak file info (ChunkID:-1 Root:root:/ File:C:/Program Files/Epic Games/UE_4.27/FeaturePacks/TP_2DSideScrollerBP.upack)
[2026.03.14-07.06.03:610][  0]LogPakFile: OnPakFileMounted2Time == 0.000083
[2026.03.14-07.06.03:611][  0]LogPakFile: PakFile PrimaryIndexSize=182
[2026.03.14-07.06.03:611][  0]LogPakFile: PakFile PathHashIndexSize=101
[2026.03.14-07.06.03:611][  0]LogPakFile: PakFile FullDirectoryIndexSize=138
[2026.03.14-07.06.03:611][  0]LogShaderLibrary: Display: ShaderCodeLibraryPakFileMountedCallback: PakFile 'C:/Program Files/Epic Games/UE_4.27/FeaturePacks/TP_Flying.upack' (chunk index -1, root 'root:/') mounted
[2026.03.14-07.06.03:611][  0]LogShaderLibrary: Display: ShaderCodeLibraryPakFileMountedCallback: pending pak file info (ChunkID:-1 Root:root:/ File:C:/Program Files/Epic Games/UE_4.27/FeaturePacks/TP_Flying.upack)
[2026.03.14-07.06.03:612][  0]LogPakFile: OnPakFileMounted2Time == 0.000065
[2026.03.14-07.06.03:612][  0]LogPakFile: PakFile PrimaryIndexSize=184
[2026.03.14-07.06.03:612][  0]LogPakFile: PakFile PathHashIndexSize=101
[2026.03.14-07.06.03:612][  0]LogPakFile: PakFile FullDirectoryIndexSize=142
[2026.03.14-07.06.03:612][  0]LogShaderLibrary: Display: ShaderCodeLibraryPakFileMountedCallback: PakFile 'C:/Program Files/Epic Games/UE_4.27/FeaturePacks/TP_FlyingBP.upack' (chunk index -1, root 'root:/') mounted
[2026.03.14-07.06.03:612][  0]LogShaderLibrary: Display: ShaderCodeLibraryPakFileMountedCallback: pending pak file info (ChunkID:-1 Root:root:/ File:C:/Program Files/Epic Games/UE_4.27/FeaturePacks/TP_FlyingBP.upack)
[2026.03.14-07.06.03:612][  0]LogPakFile: OnPakFileMounted2Time == 0.000062
[2026.03.14-07.06.03:614][  0]LogPakFile: PakFile PrimaryIndexSize=188
[2026.03.14-07.06.03:614][  0]LogPakFile: PakFile PathHashIndexSize=101
[2026.03.14-07.06.03:614][  0]LogPakFile: PakFile FullDirectoryIndexSize=150
[2026.03.14-07.06.03:614][  0]LogShaderLibrary: Display: ShaderCodeLibraryPakFileMountedCallback: PakFile 'C:/Program Files/Epic Games/UE_4.27/FeaturePacks/TP_HandheldARBP.upack' (chunk index -1, root 'root:/') mounted
[2026.03.14-07.06.03:614][  0]LogShaderLibrary: Display: ShaderCodeLibraryPakFileMountedCallback: pending pak file info (ChunkID:-1 Root:root:/ File:C:/Program Files/Epic Games/UE_4.27/FeaturePacks/TP_HandheldARBP.upack)
[2026.03.14-07.06.03:614][  0]LogPakFile: OnPakFileMounted2Time == 0.000072
[2026.03.14-07.06.03:615][  0]LogPakFile: PakFile PrimaryIndexSize=182
[2026.03.14-07.06.03:615][  0]LogPakFile: PakFile PathHashIndexSize=101
[2026.03.14-07.06.03:615][  0]LogPakFile: PakFile FullDirectoryIndexSize=138
[2026.03.14-07.06.03:615][  0]LogShaderLibrary: Display: ShaderCodeLibraryPakFileMountedCallback: PakFile 'C:/Program Files/Epic Games/UE_4.27/FeaturePacks/TP_Puzzle.upack' (chunk index -1, root 'root:/') mounted
[2026.03.14-07.06.03:615][  0]LogShaderLibrary: Display: ShaderCodeLibraryPakFileMountedCallback: pending pak file info (ChunkID:-1 Root:root:/ File:C:/Program Files/Epic Games/UE_4.27/FeaturePacks/TP_Puzzle.upack)
[2026.03.14-07.06.03:615][  0]LogPakFile: OnPakFileMounted2Time == 0.000068
[2026.03.14-07.06.03:616][  0]LogPakFile: PakFile PrimaryIndexSize=184
[2026.03.14-07.06.03:616][  0]LogPakFile: PakFile PathHashIndexSize=101
[2026.03.14-07.06.03:616][  0]LogPakFile: PakFile FullDirectoryIndexSize=142
[2026.03.14-07.06.03:617][  0]LogShaderLibrary: Display: ShaderCodeLibraryPakFileMountedCallback: PakFile 'C:/Program Files/Epic Games/UE_4.27/FeaturePacks/TP_PuzzleBP.upack' (chunk index -1, root 'root:/') mounted
[2026.03.14-07.06.03:617][  0]LogShaderLibrary: Display: ShaderCodeLibraryPakFileMountedCallback: pending pak file info (ChunkID:-1 Root:root:/ File:C:/Program Files/Epic Games/UE_4.27/FeaturePacks/TP_PuzzleBP.upack)
[2026.03.14-07.06.03:617][  0]LogPakFile: OnPakFileMounted2Time == 0.000064
[2026.03.14-07.06.03:618][  0]LogPakFile: PakFile PrimaryIndexSize=183
[2026.03.14-07.06.03:618][  0]LogPakFile: PakFile PathHashIndexSize=101
[2026.03.14-07.06.03:618][  0]LogPakFile: PakFile FullDirectoryIndexSize=140
[2026.03.14-07.06.03:618][  0]LogShaderLibrary: Display: ShaderCodeLibraryPakFileMountedCallback: PakFile 'C:/Program Files/Epic Games/UE_4.27/FeaturePacks/TP_Rolling.upack' (chunk index -1, root 'root:/') mounted
[2026.03.14-07.06.03:618][  0]LogShaderLibrary: Display: ShaderCodeLibraryPakFileMountedCallback: pending pak file info (ChunkID:-1 Root:root:/ File:C:/Program Files/Epic Games/UE_4.27/FeaturePacks/TP_Rolling.upack)
[2026.03.14-07.06.03:618][  0]LogPakFile: OnPakFileMounted2Time == 0.000066
[2026.03.14-07.06.03:619][  0]LogPakFile: PakFile PrimaryIndexSize=185
[2026.03.14-07.06.03:619][  0]LogPakFile: PakFile PathHashIndexSize=101
[2026.03.14-07.06.03:619][  0]LogPakFile: PakFile FullDirectoryIndexSize=144
[2026.03.14-07.06.03:619][  0]LogShaderLibrary: Display: ShaderCodeLibraryPakFileMountedCallback: PakFile 'C:/Program Files/Epic Games/UE_4.27/FeaturePacks/TP_RollingBP.upack' (chunk index -1, root 'root:/') mounted
[2026.03.14-07.06.03:619][  0]LogShaderLibrary: Display: ShaderCodeLibraryPakFileMountedCallback: pending pak file info (ChunkID:-1 Root:root:/ File:C:/Program Files/Epic Games/UE_4.27/FeaturePacks/TP_RollingBP.upack)
[2026.03.14-07.06.03:619][  0]LogPakFile: OnPakFileMounted2Time == 0.000062
[2026.03.14-07.06.03:620][  0]LogPakFile: PakFile PrimaryIndexSize=188
[2026.03.14-07.06.03:620][  0]LogPakFile: PakFile PathHashIndexSize=101
[2026.03.14-07.06.03:620][  0]LogPakFile: PakFile FullDirectoryIndexSize=150
[2026.03.14-07.06.03:620][  0]LogShaderLibrary: Display: ShaderCodeLibraryPakFileMountedCallback: PakFile 'C:/Program Files/Epic Games/UE_4.27/FeaturePacks/TP_SideScroller.upack' (chunk index -1, root 'root:/') mounted
[2026.03.14-07.06.03:620][  0]LogShaderLibrary: Display: ShaderCodeLibraryPakFileMountedCallback: pending pak file info (ChunkID:-1 Root:root:/ File:C:/Program Files/Epic Games/UE_4.27/FeaturePacks/TP_SideScroller.upack)
[2026.03.14-07.06.03:620][  0]LogPakFile: OnPakFileMounted2Time == 0.000062
[2026.03.14-07.06.03:621][  0]LogPakFile: PakFile PrimaryIndexSize=190
[2026.03.14-07.06.03:621][  0]LogPakFile: PakFile PathHashIndexSize=101
[2026.03.14-07.06.03:621][  0]LogPakFile: PakFile FullDirectoryIndexSize=154
[2026.03.14-07.06.03:621][  0]LogShaderLibrary: Display: ShaderCodeLibraryPakFileMountedCallback: PakFile 'C:/Program Files/Epic Games/UE_4.27/FeaturePacks/TP_SideScrollerBP.upack' (chunk index -1, root 'root:/') mounted
[2026.03.14-07.06.03:621][  0]LogShaderLibrary: Display: ShaderCodeLibraryPakFileMountedCallback: pending pak file info (ChunkID:-1 Root:root:/ File:C:/Program Files/Epic Games/UE_4.27/FeaturePacks/TP_SideScrollerBP.upack)
[2026.03.14-07.06.03:621][  0]LogPakFile: OnPakFileMounted2Time == 0.000072
[2026.03.14-07.06.03:622][  0]LogPakFile: PakFile PrimaryIndexSize=187
[2026.03.14-07.06.03:622][  0]LogPakFile: PakFile PathHashIndexSize=101
[2026.03.14-07.06.03:622][  0]LogPakFile: PakFile FullDirectoryIndexSize=148
[2026.03.14-07.06.03:622][  0]LogShaderLibrary: Display: ShaderCodeLibraryPakFileMountedCallback: PakFile 'C:/Program Files/Epic Games/UE_4.27/FeaturePacks/TP_ThirdPerson.upack' (chunk index -1, root 'root:/') mounted
[2026.03.14-07.06.03:622][  0]LogShaderLibrary: Display: ShaderCodeLibraryPakFileMountedCallback: pending pak file info (ChunkID:-1 Root:root:/ File:C:/Program Files/Epic Games/UE_4.27/FeaturePacks/TP_ThirdPerson.upack)
[2026.03.14-07.06.03:622][  0]LogPakFile: OnPakFileMounted2Time == 0.000067
[2026.03.14-07.06.03:624][  0]LogPakFile: PakFile PrimaryIndexSize=189
[2026.03.14-07.06.03:624][  0]LogPakFile: PakFile PathHashIndexSize=101
[2026.03.14-07.06.03:624][  0]LogPakFile: PakFile FullDirectoryIndexSize=152
[2026.03.14-07.06.03:624][  0]LogShaderLibrary: Display: ShaderCodeLibraryPakFileMountedCallback: PakFile 'C:/Program Files/Epic Games/UE_4.27/FeaturePacks/TP_ThirdPersonBP.upack' (chunk index -1, root 'root:/') mounted
[2026.03.14-07.06.03:624][  0]LogShaderLibrary: Display: ShaderCodeLibraryPakFileMountedCallback: pending pak file info (ChunkID:-1 Root:root:/ File:C:/Program Files/Epic Games/UE_4.27/FeaturePacks/TP_ThirdPersonBP.upack)
[2026.03.14-07.06.03:624][  0]LogPakFile: OnPakFileMounted2Time == 0.000098
[2026.03.14-07.06.03:626][  0]LogPakFile: PakFile PrimaryIndexSize=183
[2026.03.14-07.06.03:626][  0]LogPakFile: PakFile PathHashIndexSize=101
[2026.03.14-07.06.03:626][  0]LogPakFile: PakFile FullDirectoryIndexSize=140
[2026.03.14-07.06.03:626][  0]LogShaderLibrary: Display: ShaderCodeLibraryPakFileMountedCallback: PakFile 'C:/Program Files/Epic Games/UE_4.27/FeaturePacks/TP_TopDown.upack' (chunk index -1, root 'root:/') mounted
[2026.03.14-07.06.03:626][  0]LogShaderLibrary: Display: ShaderCodeLibraryPakFileMountedCallback: pending pak file info (ChunkID:-1 Root:root:/ File:C:/Program Files/Epic Games/UE_4.27/FeaturePacks/TP_TopDown.upack)
[2026.03.14-07.06.03:626][  0]LogPakFile: OnPakFileMounted2Time == 0.000099
[2026.03.14-07.06.03:627][  0]LogPakFile: PakFile PrimaryIndexSize=185
[2026.03.14-07.06.03:627][  0]LogPakFile: PakFile PathHashIndexSize=101
[2026.03.14-07.06.03:627][  0]LogPakFile: PakFile FullDirectoryIndexSize=144
[2026.03.14-07.06.03:628][  0]LogShaderLibrary: Display: ShaderCodeLibraryPakFileMountedCallback: PakFile 'C:/Program Files/Epic Games/UE_4.27/FeaturePacks/TP_TopDownBP.upack' (chunk index -1, root 'root:/') mounted
[2026.03.14-07.06.03:628][  0]LogShaderLibrary: Display: ShaderCodeLibraryPakFileMountedCallback: pending pak file info (ChunkID:-1 Root:root:/ File:C:/Program Files/Epic Games/UE_4.27/FeaturePacks/TP_TopDownBP.upack)
[2026.03.14-07.06.03:628][  0]LogPakFile: OnPakFileMounted2Time == 0.000098
[2026.03.14-07.06.03:629][  0]LogPakFile: PakFile PrimaryIndexSize=185
[2026.03.14-07.06.03:629][  0]LogPakFile: PakFile PathHashIndexSize=101
[2026.03.14-07.06.03:629][  0]LogPakFile: PakFile FullDirectoryIndexSize=144
[2026.03.14-07.06.03:629][  0]LogShaderLibrary: Display: ShaderCodeLibraryPakFileMountedCallback: PakFile 'C:/Program Files/Epic Games/UE_4.27/FeaturePacks/TP_TwinStick.upack' (chunk index -1, root 'root:/') mounted
[2026.03.14-07.06.03:629][  0]LogShaderLibrary: Display: ShaderCodeLibraryPakFileMountedCallback: pending pak file info (ChunkID:-1 Root:root:/ File:C:/Program Files/Epic Games/UE_4.27/FeaturePacks/TP_TwinStick.upack)
[2026.03.14-07.06.03:629][  0]LogPakFile: OnPakFileMounted2Time == 0.000084
[2026.03.14-07.06.03:630][  0]LogPakFile: PakFile PrimaryIndexSize=187
[2026.03.14-07.06.03:630][  0]LogPakFile: PakFile PathHashIndexSize=101
[2026.03.14-07.06.03:630][  0]LogPakFile: PakFile FullDirectoryIndexSize=148
[2026.03.14-07.06.03:630][  0]LogShaderLibrary: Display: ShaderCodeLibraryPakFileMountedCallback: PakFile 'C:/Program Files/Epic Games/UE_4.27/FeaturePacks/TP_TwinStickBP.upack' (chunk index -1, root 'root:/') mounted
[2026.03.14-07.06.03:630][  0]LogShaderLibrary: Display: ShaderCodeLibraryPakFileMountedCallback: pending pak file info (ChunkID:-1 Root:root:/ File:C:/Program Files/Epic Games/UE_4.27/FeaturePacks/TP_TwinStickBP.upack)
[2026.03.14-07.06.03:630][  0]LogPakFile: OnPakFileMounted2Time == 0.000064
[2026.03.14-07.06.03:631][  0]LogPakFile: PakFile PrimaryIndexSize=183
[2026.03.14-07.06.03:631][  0]LogPakFile: PakFile PathHashIndexSize=101
[2026.03.14-07.06.03:631][  0]LogPakFile: PakFile FullDirectoryIndexSize=140
[2026.03.14-07.06.03:631][  0]LogShaderLibrary: Display: ShaderCodeLibraryPakFileMountedCallback: PakFile 'C:/Program Files/Epic Games/UE_4.27/FeaturePacks/TP_Vehicle.upack' (chunk index -1, root 'root:/') mounted
[2026.03.14-07.06.03:631][  0]LogShaderLibrary: Display: ShaderCodeLibraryPakFileMountedCallback: pending pak file info (ChunkID:-1 Root:root:/ File:C:/Program Files/Epic Games/UE_4.27/FeaturePacks/TP_Vehicle.upack)
[2026.03.14-07.06.03:631][  0]LogPakFile: OnPakFileMounted2Time == 0.000066
[2026.03.14-07.06.03:632][  0]LogPakFile: PakFile PrimaryIndexSize=186
[2026.03.14-07.06.03:632][  0]LogPakFile: PakFile PathHashIndexSize=101
[2026.03.14-07.06.03:632][  0]LogPakFile: PakFile FullDirectoryIndexSize=146
[2026.03.14-07.06.03:632][  0]LogShaderLibrary: Display: ShaderCodeLibraryPakFileMountedCallback: PakFile 'C:/Program Files/Epic Games/UE_4.27/FeaturePacks/TP_VehicleAdv.upack' (chunk index -1, root 'root:/') mounted
[2026.03.14-07.06.03:632][  0]LogShaderLibrary: Display: ShaderCodeLibraryPakFileMountedCallback: pending pak file info (ChunkID:-1 Root:root:/ File:C:/Program Files/Epic Games/UE_4.27/FeaturePacks/TP_VehicleAdv.upack)
[2026.03.14-07.06.03:632][  0]LogPakFile: OnPakFileMounted2Time == 0.000076
[2026.03.14-07.06.03:634][  0]LogPakFile: PakFile PrimaryIndexSize=188
[2026.03.14-07.06.03:634][  0]LogPakFile: PakFile PathHashIndexSize=101
[2026.03.14-07.06.03:634][  0]LogPakFile: PakFile FullDirectoryIndexSize=150
[2026.03.14-07.06.03:634][  0]LogShaderLibrary: Display: ShaderCodeLibraryPakFileMountedCallback: PakFile 'C:/Program Files/Epic Games/UE_4.27/FeaturePacks/TP_VehicleAdvBP.upack' (chunk index -1, root 'root:/') mounted
[2026.03.14-07.06.03:634][  0]LogShaderLibrary: Display: ShaderCodeLibraryPakFileMountedCallback: pending pak file info (ChunkID:-1 Root:root:/ File:C:/Program Files/Epic Games/UE_4.27/FeaturePacks/TP_VehicleAdvBP.upack)
[2026.03.14-07.06.03:634][  0]LogPakFile: OnPakFileMounted2Time == 0.000075
[2026.03.14-07.06.03:635][  0]LogPakFile: PakFile PrimaryIndexSize=185
[2026.03.14-07.06.03:635][  0]LogPakFile: PakFile PathHashIndexSize=101
[2026.03.14-07.06.03:635][  0]LogPakFile: PakFile FullDirectoryIndexSize=144
[2026.03.14-07.06.03:636][  0]LogShaderLibrary: Display: ShaderCodeLibraryPakFileMountedCallback: PakFile 'C:/Program Files/Epic Games/UE_4.27/FeaturePacks/TP_VehicleBP.upack' (chunk index -1, root 'root:/') mounted
[2026.03.14-07.06.03:636][  0]LogShaderLibrary: Display: ShaderCodeLibraryPakFileMountedCallback: pending pak file info (ChunkID:-1 Root:root:/ File:C:/Program Files/Epic Games/UE_4.27/FeaturePacks/TP_VehicleBP.upack)
[2026.03.14-07.06.03:636][  0]LogPakFile: OnPakFileMounted2Time == 0.000091
[2026.03.14-07.06.03:637][  0]LogPakFile: PakFile PrimaryIndexSize=192
[2026.03.14-07.06.03:637][  0]LogPakFile: PakFile PathHashIndexSize=101
[2026.03.14-07.06.03:637][  0]LogPakFile: PakFile FullDirectoryIndexSize=158
[2026.03.14-07.06.03:637][  0]LogShaderLibrary: Display: ShaderCodeLibraryPakFileMountedCallback: PakFile 'C:/Program Files/Epic Games/UE_4.27/FeaturePacks/TP_VirtualRealityBP.upack' (chunk index -1, root 'root:/') mounted
[2026.03.14-07.06.03:637][  0]LogShaderLibrary: Display: ShaderCodeLibraryPakFileMountedCallback: pending pak file info (ChunkID:-1 Root:root:/ File:C:/Program Files/Epic Games/UE_4.27/FeaturePacks/TP_VirtualRealityBP.upack)
[2026.03.14-07.06.03:637][  0]LogPakFile: OnPakFileMounted2Time == 0.000062
[2026.03.14-07.06.03:766][  0]LogNativeClassHierarchy: Verbose: Native class hierarchy updated for 'AddContentDialog' in 0.0005 seconds. Added 0 classes and 0 folders.
[2026.03.14-07.06.03:782][  0]LogNativeClassHierarchy: Verbose: Native class hierarchy updated for 'SceneOutliner' in 0.0005 seconds. Added 2 classes and 0 folders.
[2026.03.14-07.06.03:893][  0]LogSlate: Took 0.000685 seconds to synchronously load lazily loaded font '../../../Engine/Content/Slate/Fonts/Roboto-Regular.ttf' (155K)
[2026.03.14-07.06.03:911][  0]LogSlate: Took 0.015650 seconds to synchronously load lazily loaded font '../../../Engine/Content/Editor/Slate/Fonts/FontAwesome.ttf' (139K)
[2026.03.14-07.06.03:914][  0]LogSlate: Took 0.000405 seconds to synchronously load lazily loaded font '../../../Engine/Content/Slate/Fonts/Roboto-Bold.ttf' (160K)
[2026.03.14-07.06.04:192][  0]LogRenderer: Reallocating scene render targets to support 892x428 Format 10 NumSamples 1 (Frame:1).
[2026.03.14-07.06.04:611][  0]LogNativeClassHierarchy: Verbose: Native class hierarchy updated for 'HierarchicalLODOutliner' in 0.0005 seconds. Added 0 classes and 0 folders.
[2026.03.14-07.06.04:611][  0]LogLoad: (Engine Initialization) Total time: 17.24 seconds
[2026.03.14-07.06.04:611][  0]LogLoad: (Engine Initialization) Total Blueprint compile time: 0.00 seconds
[2026.03.14-07.06.04:694][  0]LogContentStreaming: Texture pool size now 1000 MB
[2026.03.14-07.06.04:750][  1]LogAssetRegistry: Asset discovery search completed in 10.9268 seconds
[2026.03.14-07.06.04:763][  1]LogCollectionManager: Fixed up redirectors for 0 collections in 0.000005 seconds (updated 0 objects)
